Using pre-set license
Built from '2021.1/staging' branch; Version is '2021.1.5f1 (3737af19df53) revision 3618735'; Using compiler version '192528614'; Build Type 'Release'
OS: 'Windows 10 Pro for Workstations; OS build 19043.1288; Version 2009; 64bit' Language: 'es' Physical Memory: 8142 MB
BatchMode: 1, IsHumanControllingUs: 0, StartBugReporterOnCrash: 0, Is64bit: 1, IsPro: 0

 COMMAND LINE ARGUMENTS:
C:\Program Files\Unity\Hub\Editor\2021.1.5f1\Editor\Unity.exe
-adb2
-batchMode
-noUpm
-name
AssetImportWorker12
-projectPath
C:/Users/Dante/Documents/GitHub/Aquatic-Prix
-logFile
Logs/AssetImportWorker12.log
-srvPort
50666
Successfully changed project path to: C:/Users/Dante/Documents/GitHub/Aquatic-Prix
C:/Users/Dante/Documents/GitHub/Aquatic-Prix
Using Asset Import Pipeline V2.
Refreshing native plugins compatible for Editor in 37.97 ms, found 0 plugins.
Preloading 0 native plugins for Editor in 0.00 ms.
Initialize engine version: 2021.1.5f1 (3737af19df53)
[Subsystems] Discovering subsystems at path C:/Program Files/Unity/Hub/Editor/2021.1.5f1/Editor/Data/Resources/UnitySubsystems
[Subsystems] Discovering subsystems at path C:/Users/Dante/Documents/GitHub/Aquatic-Prix/Assets
GfxDevice: creating device client; threaded=0; jobified=0
Direct3D:
    Version:  Direct3D 11.0 [level 11.1]
    Renderer: Radeon RX 570 Series (ID=0x67df)
    Vendor:   ATI
    VRAM:     4075 MB
    Driver:   30.0.13017.5006
Initialize mono
Mono path[0] = 'C:/Program Files/Unity/Hub/Editor/2021.1.5f1/Editor/Data/Managed'
Mono path[1] = 'C:/Program Files/Unity/Hub/Editor/2021.1.5f1/Editor/Data/MonoBleedingEdge/lib/mono/unityjit'
Mono config path = 'C:/Program Files/Unity/Hub/Editor/2021.1.5f1/Editor/Data/MonoBleedingEdge/etc'
Using monoOptions --debugger-agent=transport=dt_socket,embedding=1,server=y,suspend=n,address=127.0.0.1:56572
Begin MonoManager ReloadAssembly
Registering precompiled unity dll's ...
Register platform support module: C:/Program Files/Unity/Hub/Editor/2021.1.5f1/Editor/Data/PlaybackEngines/WindowsStandaloneSupport/UnityEditor.WindowsStandalone.Extensions.dll
Registered in 0.003268 seconds.
Native extension for WindowsStandalone target not found
Refreshing native plugins compatible for Editor in 32.64 ms, found 0 plugins.
Preloading 0 native plugins for Editor in 0.00 ms.
Mono: successfully reloaded assembly
- Completed reload, in  6.354 seconds
Platform modules already initialized, skipping
Registering precompiled user dll's ...
Registered in 0.000867 seconds.
Begin MonoManager ReloadAssembly
Native extension for WindowsStandalone target not found
Refreshing native plugins compatible for Editor in 0.62 ms, found 0 plugins.
Preloading 0 native plugins for Editor in 0.00 ms.
Mono: successfully reloaded assembly
- Completed reload, in  5.549 seconds
Platform modules already initialized, skipping
========================================================================
Worker process is ready to serve import requests
Launched and connected shader compiler UnityShaderCompiler.exe after 1.91 seconds
Refreshing native plugins compatible for Editor in 0.43 ms, found 0 plugins.
Preloading 0 native plugins for Editor in 0.00 ms.
Unloading 1183 Unused Serialized files (Serialized files now loaded: 0)
System memory in use before: 67.5 MB.
System memory in use after: 67.2 MB.

Unloading 11 unused Assets to reduce memory usage. Loaded Objects now: 1647.
Total: 19.975200 ms (FindLiveObjects: 0.222600 ms CreateObjectMapping: 0.037100 ms MarkObjects: 18.875600 ms  DeleteObjects: 0.838000 ms)

========================================================================
Received Import Request.
  path: Assets/Scrip/Spawns_Enemies.cs
  artifactKey: Guid(ef213b0a57026654cbc0979d60ffd41f) Importer(815301076,1909f56bfc062723c751e8b465ee728b)
Start importing Assets/Scrip/Spawns_Enemies.cs using Guid(ef213b0a57026654cbc0979d60ffd41f) Importer(815301076,1909f56bfc062723c751e8b465ee728b)  -> (artifact id: '0c9852da28e815317fab27072fbd622a') in 0.128873 seconds 
========================================================================
Received Import Request.
  Time since last request: 213.636924 seconds.
  path: Assets/Scrip/IA_Enemigo_Disparo.cs
  artifactKey: Guid(a0b2eca173544464d85d28ec70103739) Importer(815301076,1909f56bfc062723c751e8b465ee728b)
Start importing Assets/Scrip/IA_Enemigo_Disparo.cs using Guid(a0b2eca173544464d85d28ec70103739) Importer(815301076,1909f56bfc062723c751e8b465ee728b)  -> (artifact id: 'a8e9ccaaac2c1bc609819d7300ee85eb') in 0.823479 seconds 
========================================================================
Received Prepare
Registering precompiled user dll's ...
Registered in 0.000907 seconds.
Begin MonoManager ReloadAssembly
Native extension for WindowsStandalone target not found
Refreshing native plugins compatible for Editor in 0.25 ms, found 0 plugins.
Preloading 0 native plugins for Editor in 0.00 ms.
Mono: successfully reloaded assembly
- Completed reload, in  0.697 seconds
Platform modules already initialized, skipping
Refreshing native plugins compatible for Editor in 0.24 ms, found 0 plugins.
Preloading 0 native plugins for Editor in 0.00 ms.
Unloading 1166 Unused Serialized files (Serialized files now loaded: 0)
System memory in use before: 66.0 MB.
System memory in use after: 65.8 MB.

Unloading 6 unused Assets to reduce memory usage. Loaded Objects now: 1650.
Total: 3.587200 ms (FindLiveObjects: 0.128600 ms CreateObjectMapping: 0.027000 ms MarkObjects: 3.238000 ms  DeleteObjects: 0.192400 ms)

========================================================================
Received Prepare
Registering precompiled user dll's ...
Registered in 0.000500 seconds.
Begin MonoManager ReloadAssembly
Native extension for WindowsStandalone target not found
Refreshing native plugins compatible for Editor in 0.25 ms, found 0 plugins.
Preloading 0 native plugins for Editor in 0.00 ms.
Mono: successfully reloaded assembly
- Completed reload, in  0.600 seconds
Platform modules already initialized, skipping
Refreshing native plugins compatible for Editor in 0.24 ms, found 0 plugins.
Preloading 0 native plugins for Editor in 0.00 ms.
Unloading 1166 Unused Serialized files (Serialized files now loaded: 0)
System memory in use before: 66.1 MB.
System memory in use after: 65.8 MB.

Unloading 6 unused Assets to reduce memory usage. Loaded Objects now: 1653.
Total: 2.191500 ms (FindLiveObjects: 0.138300 ms CreateObjectMapping: 0.029500 ms MarkObjects: 1.585000 ms  DeleteObjects: 0.436700 ms)

========================================================================
Received Prepare
Registering precompiled user dll's ...
Registered in 0.000490 seconds.
Begin MonoManager ReloadAssembly
Native extension for WindowsStandalone target not found
Refreshing native plugins compatible for Editor in 0.24 ms, found 0 plugins.
Preloading 0 native plugins for Editor in 0.00 ms.
Mono: successfully reloaded assembly
- Completed reload, in  0.589 seconds
Platform modules already initialized, skipping
Refreshing native plugins compatible for Editor in 0.25 ms, found 0 plugins.
Preloading 0 native plugins for Editor in 0.00 ms.
Unloading 1166 Unused Serialized files (Serialized files now loaded: 0)
System memory in use before: 66.0 MB.
System memory in use after: 65.8 MB.

Unloading 6 unused Assets to reduce memory usage. Loaded Objects now: 1656.
Total: 1.852600 ms (FindLiveObjects: 0.130300 ms CreateObjectMapping: 0.027500 ms MarkObjects: 1.527600 ms  DeleteObjects: 0.166000 ms)

========================================================================
Received Prepare
Registering precompiled user dll's ...
Registered in 0.000489 seconds.
Begin MonoManager ReloadAssembly
Native extension for WindowsStandalone target not found
Refreshing native plugins compatible for Editor in 0.25 ms, found 0 plugins.
Preloading 0 native plugins for Editor in 0.00 ms.
Mono: successfully reloaded assembly
- Completed reload, in  0.593 seconds
Platform modules already initialized, skipping
Refreshing native plugins compatible for Editor in 0.24 ms, found 0 plugins.
Preloading 0 native plugins for Editor in 0.00 ms.
Unloading 1166 Unused Serialized files (Serialized files now loaded: 0)
System memory in use before: 66.1 MB.
System memory in use after: 65.8 MB.

Unloading 6 unused Assets to reduce memory usage. Loaded Objects now: 1659.
Total: 1.719200 ms (FindLiveObjects: 0.126300 ms CreateObjectMapping: 0.024500 ms MarkObjects: 1.388000 ms  DeleteObjects: 0.179400 ms)

========================================================================
Received Prepare
Registering precompiled user dll's ...
Registered in 0.000503 seconds.
Begin MonoManager ReloadAssembly
Native extension for WindowsStandalone target not found
Refreshing native plugins compatible for Editor in 0.24 ms, found 0 plugins.
Preloading 0 native plugins for Editor in 0.00 ms.
Mono: successfully reloaded assembly
- Completed reload, in  0.605 seconds
Platform modules already initialized, skipping
Refreshing native plugins compatible for Editor in 0.25 ms, found 0 plugins.
Preloading 0 native plugins for Editor in 0.00 ms.
Unloading 1166 Unused Serialized files (Serialized files now loaded: 0)
System memory in use before: 66.1 MB.
System memory in use after: 65.8 MB.

Unloading 6 unused Assets to reduce memory usage. Loaded Objects now: 1662.
Total: 1.648100 ms (FindLiveObjects: 0.128500 ms CreateObjectMapping: 0.029100 ms MarkObjects: 1.325300 ms  DeleteObjects: 0.164300 ms)

========================================================================
Received Prepare
Registering precompiled user dll's ...
Registered in 0.000793 seconds.
Begin MonoManager ReloadAssembly
Native extension for WindowsStandalone target not found
Refreshing native plugins compatible for Editor in 0.25 ms, found 0 plugins.
Preloading 0 native plugins for Editor in 0.00 ms.
Mono: successfully reloaded assembly
- Completed reload, in  0.591 seconds
Platform modules already initialized, skipping
Refreshing native plugins compatible for Editor in 0.24 ms, found 0 plugins.
Preloading 0 native plugins for Editor in 0.00 ms.
Unloading 1166 Unused Serialized files (Serialized files now loaded: 0)
System memory in use before: 66.1 MB.
System memory in use after: 65.8 MB.

Unloading 6 unused Assets to reduce memory usage. Loaded Objects now: 1665.
Total: 1.820300 ms (FindLiveObjects: 0.125600 ms CreateObjectMapping: 0.024200 ms MarkObjects: 1.503200 ms  DeleteObjects: 0.166500 ms)

========================================================================
Received Prepare
Registering precompiled user dll's ...
Registered in 0.000554 seconds.
Begin MonoManager ReloadAssembly
Native extension for WindowsStandalone target not found
Refreshing native plugins compatible for Editor in 0.26 ms, found 0 plugins.
Preloading 0 native plugins for Editor in 0.00 ms.
Mono: successfully reloaded assembly
- Completed reload, in  0.585 seconds
Platform modules already initialized, skipping
Refreshing native plugins compatible for Editor in 0.25 ms, found 0 plugins.
Preloading 0 native plugins for Editor in 0.00 ms.
Unloading 1166 Unused Serialized files (Serialized files now loaded: 0)
System memory in use before: 66.1 MB.
System memory in use after: 65.9 MB.

Unloading 6 unused Assets to reduce memory usage. Loaded Objects now: 1668.
Total: 1.805400 ms (FindLiveObjects: 0.124500 ms CreateObjectMapping: 0.024500 ms MarkObjects: 1.466700 ms  DeleteObjects: 0.188700 ms)

========================================================================
Received Import Request.
  Time since last request: 3303.425259 seconds.
  path: Assets/Prefabs/New Lighting Settings.lighting
  artifactKey: Guid(894f913b26c383f4bb3b312e984cff3d) Importer(815301076,1909f56bfc062723c751e8b465ee728b)
Start importing Assets/Prefabs/New Lighting Settings.lighting using Guid(894f913b26c383f4bb3b312e984cff3d) Importer(815301076,1909f56bfc062723c751e8b465ee728b)  -> (artifact id: 'c63521a1254a2f6a7d32b447955d6eb2') in 0.026860 seconds 
========================================================================
Received Prepare
Registering precompiled user dll's ...
Registered in 0.000554 seconds.
Begin MonoManager ReloadAssembly
Native extension for WindowsStandalone target not found
Refreshing native plugins compatible for Editor in 0.24 ms, found 0 plugins.
Preloading 0 native plugins for Editor in 0.00 ms.
Mono: successfully reloaded assembly
- Completed reload, in  0.586 seconds
Platform modules already initialized, skipping
Refreshing native plugins compatible for Editor in 0.24 ms, found 0 plugins.
Preloading 0 native plugins for Editor in 0.00 ms.
Unloading 1166 Unused Serialized files (Serialized files now loaded: 0)
System memory in use before: 66.1 MB.
System memory in use after: 65.9 MB.

Unloading 6 unused Assets to reduce memory usage. Loaded Objects now: 1671.
Total: 1.708600 ms (FindLiveObjects: 0.124100 ms CreateObjectMapping: 0.024200 ms MarkObjects: 1.367100 ms  DeleteObjects: 0.192200 ms)

========================================================================
Received Prepare
Registering precompiled user dll's ...
Registered in 0.000493 seconds.
Begin MonoManager ReloadAssembly
Native extension for WindowsStandalone target not found
Refreshing native plugins compatible for Editor in 0.25 ms, found 0 plugins.
Preloading 0 native plugins for Editor in 0.00 ms.
Mono: successfully reloaded assembly
- Completed reload, in  0.591 seconds
Platform modules already initialized, skipping
Refreshing native plugins compatible for Editor in 0.25 ms, found 0 plugins.
Preloading 0 native plugins for Editor in 0.00 ms.
Unloading 1166 Unused Serialized files (Serialized files now loaded: 0)
System memory in use before: 66.1 MB.
System memory in use after: 65.9 MB.

Unloading 6 unused Assets to reduce memory usage. Loaded Objects now: 1674.
Total: 1.723300 ms (FindLiveObjects: 0.125200 ms CreateObjectMapping: 0.031300 ms MarkObjects: 1.390000 ms  DeleteObjects: 0.175900 ms)

========================================================================
Received Prepare
Registering precompiled user dll's ...
Registered in 0.000451 seconds.
Begin MonoManager ReloadAssembly
Native extension for WindowsStandalone target not found
Refreshing native plugins compatible for Editor in 0.25 ms, found 0 plugins.
Preloading 0 native plugins for Editor in 0.00 ms.
Mono: successfully reloaded assembly
- Completed reload, in  0.585 seconds
Platform modules already initialized, skipping
Refreshing native plugins compatible for Editor in 0.24 ms, found 0 plugins.
Preloading 0 native plugins for Editor in 0.00 ms.
Unloading 1166 Unused Serialized files (Serialized files now loaded: 0)
System memory in use before: 66.2 MB.
System memory in use after: 65.9 MB.

Unloading 6 unused Assets to reduce memory usage. Loaded Objects now: 1677.
Total: 1.908600 ms (FindLiveObjects: 0.132100 ms CreateObjectMapping: 0.028500 ms MarkObjects: 1.553400 ms  DeleteObjects: 0.193600 ms)

========================================================================
Received Prepare
Registering precompiled user dll's ...
Registered in 0.000572 seconds.
Begin MonoManager ReloadAssembly
Native extension for WindowsStandalone target not found
Refreshing native plugins compatible for Editor in 0.26 ms, found 0 plugins.
Preloading 0 native plugins for Editor in 0.00 ms.
Mono: successfully reloaded assembly
- Completed reload, in  0.594 seconds
Platform modules already initialized, skipping
Refreshing native plugins compatible for Editor in 0.24 ms, found 0 plugins.
Preloading 0 native plugins for Editor in 0.00 ms.
Unloading 1166 Unused Serialized files (Serialized files now loaded: 0)
System memory in use before: 66.1 MB.
System memory in use after: 65.9 MB.

Unloading 6 unused Assets to reduce memory usage. Loaded Objects now: 1680.
Total: 1.886600 ms (FindLiveObjects: 0.127700 ms CreateObjectMapping: 0.026100 ms MarkObjects: 1.563400 ms  DeleteObjects: 0.168500 ms)

========================================================================
Received Prepare
Registering precompiled user dll's ...
Registered in 0.000488 seconds.
Begin MonoManager ReloadAssembly
Native extension for WindowsStandalone target not found
Refreshing native plugins compatible for Editor in 0.25 ms, found 0 plugins.
Preloading 0 native plugins for Editor in 0.00 ms.
Mono: successfully reloaded assembly
- Completed reload, in  0.588 seconds
Platform modules already initialized, skipping
Refreshing native plugins compatible for Editor in 0.24 ms, found 0 plugins.
Preloading 0 native plugins for Editor in 0.00 ms.
Unloading 1166 Unused Serialized files (Serialized files now loaded: 0)
System memory in use before: 66.1 MB.
System memory in use after: 65.9 MB.

Unloading 6 unused Assets to reduce memory usage. Loaded Objects now: 1683.
Total: 1.972600 ms (FindLiveObjects: 0.127400 ms CreateObjectMapping: 0.027100 ms MarkObjects: 1.617100 ms  DeleteObjects: 0.199900 ms)

========================================================================
Received Prepare
Registering precompiled user dll's ...
Registered in 0.000543 seconds.
Begin MonoManager ReloadAssembly
Native extension for WindowsStandalone target not found
Refreshing native plugins compatible for Editor in 0.26 ms, found 0 plugins.
Preloading 0 native plugins for Editor in 0.00 ms.
Mono: successfully reloaded assembly
- Completed reload, in  0.599 seconds
Platform modules already initialized, skipping
Refreshing native plugins compatible for Editor in 0.24 ms, found 0 plugins.
Preloading 0 native plugins for Editor in 0.00 ms.
Unloading 1166 Unused Serialized files (Serialized files now loaded: 0)
System memory in use before: 66.2 MB.
System memory in use after: 65.9 MB.

Unloading 6 unused Assets to reduce memory usage. Loaded Objects now: 1686.
Total: 1.792400 ms (FindLiveObjects: 0.133800 ms CreateObjectMapping: 0.025500 ms MarkObjects: 1.444400 ms  DeleteObjects: 0.187500 ms)

========================================================================
Received Import Request.
  Time since last request: 327.296380 seconds.
  path: Assets/Prefabs/Barco4.prefab
  artifactKey: Guid(35b8b57d4c955f14c809d0a6ef986bce) Importer(815301076,1909f56bfc062723c751e8b465ee728b)
Start importing Assets/Prefabs/Barco4.prefab using Guid(35b8b57d4c955f14c809d0a6ef986bce) Importer(815301076,1909f56bfc062723c751e8b465ee728b)  -> (artifact id: '9b4d6a346b88ae3d54fa6c683fd92bd5') in 0.124629 seconds 
========================================================================
Received Prepare
Registering precompiled user dll's ...
Registered in 0.000480 seconds.
Begin MonoManager ReloadAssembly
Native extension for WindowsStandalone target not found
Refreshing native plugins compatible for Editor in 0.25 ms, found 0 plugins.
Preloading 0 native plugins for Editor in 0.00 ms.
Mono: successfully reloaded assembly
- Completed reload, in  0.596 seconds
Platform modules already initialized, skipping
Refreshing native plugins compatible for Editor in 0.24 ms, found 0 plugins.
Preloading 0 native plugins for Editor in 0.00 ms.
Unloading 1166 Unused Serialized files (Serialized files now loaded: 0)
System memory in use before: 70.0 MB.
System memory in use after: 69.7 MB.

Unloading 7 unused Assets to reduce memory usage. Loaded Objects now: 1697.
Total: 1.908900 ms (FindLiveObjects: 0.132300 ms CreateObjectMapping: 0.024600 ms MarkObjects: 1.570200 ms  DeleteObjects: 0.181000 ms)

========================================================================
Received Prepare
Registering precompiled user dll's ...
Registered in 0.000444 seconds.
Begin MonoManager ReloadAssembly
Native extension for WindowsStandalone target not found
Refreshing native plugins compatible for Editor in 0.25 ms, found 0 plugins.
Preloading 0 native plugins for Editor in 0.00 ms.
Mono: successfully reloaded assembly
- Completed reload, in  0.599 seconds
Platform modules already initialized, skipping
Refreshing native plugins compatible for Editor in 0.26 ms, found 0 plugins.
Preloading 0 native plugins for Editor in 0.00 ms.
Unloading 1166 Unused Serialized files (Serialized files now loaded: 0)
System memory in use before: 70.0 MB.
System memory in use after: 69.7 MB.

Unloading 6 unused Assets to reduce memory usage. Loaded Objects now: 1700.
Total: 1.886300 ms (FindLiveObjects: 0.134700 ms CreateObjectMapping: 0.024600 ms MarkObjects: 1.545000 ms  DeleteObjects: 0.180900 ms)

========================================================================
Received Import Request.
  Time since last request: 450.061614 seconds.
  path: Assets/Scrip/Spawns_Enemies.cs
  artifactKey: Guid(ef213b0a57026654cbc0979d60ffd41f) Importer(815301076,1909f56bfc062723c751e8b465ee728b)
Start importing Assets/Scrip/Spawns_Enemies.cs using Guid(ef213b0a57026654cbc0979d60ffd41f) Importer(815301076,1909f56bfc062723c751e8b465ee728b)  -> (artifact id: 'f2c1e7993edcbed72d5fe7a4fe388fb6') in 0.004194 seconds 
========================================================================
Received Import Request.
  Time since last request: 5.186460 seconds.
  path: Assets/Scrip/E
  artifactKey: Guid(f75cdf71b1d08da42bf2671f40f4fa77) Importer(815301076,1909f56bfc062723c751e8b465ee728b)
Start importing Assets/Scrip/E using Guid(f75cdf71b1d08da42bf2671f40f4fa77) Importer(815301076,1909f56bfc062723c751e8b465ee728b)  -> (artifact id: '602e2148461b3404443fdaab7919de84') in 0.007523 seconds 
========================================================================
Received Prepare
Registering precompiled user dll's ...
Registered in 0.000576 seconds.
Begin MonoManager ReloadAssembly
Native extension for WindowsStandalone target not found
Refreshing native plugins compatible for Editor in 0.26 ms, found 0 plugins.
Preloading 0 native plugins for Editor in 0.00 ms.
Mono: successfully reloaded assembly
- Completed reload, in  0.613 seconds
Platform modules already initialized, skipping
Refreshing native plugins compatible for Editor in 0.24 ms, found 0 plugins.
Preloading 0 native plugins for Editor in 0.00 ms.
Unloading 1167 Unused Serialized files (Serialized files now loaded: 0)
System memory in use before: 70.0 MB.
System memory in use after: 69.8 MB.

Unloading 6 unused Assets to reduce memory usage. Loaded Objects now: 1704.
Total: 1.792000 ms (FindLiveObjects: 0.131700 ms CreateObjectMapping: 0.029900 ms MarkObjects: 1.449900 ms  DeleteObjects: 0.179400 ms)

========================================================================
Received Import Request.
  Time since last request: 20.614008 seconds.
  path: Assets/Scrip/EnemySpawn.cs
  artifactKey: Guid(978e08dd7037ec444a39d80f10889d13) Importer(815301076,1909f56bfc062723c751e8b465ee728b)
Start importing Assets/Scrip/EnemySpawn.cs using Guid(978e08dd7037ec444a39d80f10889d13) Importer(815301076,1909f56bfc062723c751e8b465ee728b)  -> (artifact id: 'c4d8405eec8908c285b6015c955282aa') in 0.008685 seconds 
========================================================================
Received Import Request.
  Time since last request: 9.497623 seconds.
  path: Assets/Scrip/EnemySpawner.cs
  artifactKey: Guid(978e08dd7037ec444a39d80f10889d13) Importer(815301076,1909f56bfc062723c751e8b465ee728b)
Start importing Assets/Scrip/EnemySpawner.cs using Guid(978e08dd7037ec444a39d80f10889d13) Importer(815301076,1909f56bfc062723c751e8b465ee728b)  -> (artifact id: '525df5deea474a578ac683153c3fd3d5') in 0.007263 seconds 
========================================================================
Received Prepare
Registering precompiled user dll's ...
Registered in 0.000496 seconds.
Begin MonoManager ReloadAssembly
Native extension for WindowsStandalone target not found
Refreshing native plugins compatible for Editor in 0.25 ms, found 0 plugins.
Preloading 0 native plugins for Editor in 0.00 ms.
Mono: successfully reloaded assembly
- Completed reload, in  0.605 seconds
Platform modules already initialized, skipping
Refreshing native plugins compatible for Editor in 0.24 ms, found 0 plugins.
Preloading 0 native plugins for Editor in 0.00 ms.
Unloading 1167 Unused Serialized files (Serialized files now loaded: 0)
System memory in use before: 70.0 MB.
System memory in use after: 69.8 MB.

Unloading 6 unused Assets to reduce memory usage. Loaded Objects now: 1707.
Total: 1.757400 ms (FindLiveObjects: 0.137600 ms CreateObjectMapping: 0.029800 ms MarkObjects: 1.406900 ms  DeleteObjects: 0.181900 ms)

========================================================================
Received Import Request.
  Time since last request: 292.203777 seconds.
  path: Assets/Scrip/nuevo/PlayerScripts
  artifactKey: Guid(5cc54a9a6e1e6ca4a89a6665897d2837) Importer(815301076,1909f56bfc062723c751e8b465ee728b)
Start importing Assets/Scrip/nuevo/PlayerScripts using Guid(5cc54a9a6e1e6ca4a89a6665897d2837) Importer(815301076,1909f56bfc062723c751e8b465ee728b)  -> (artifact id: '00ff0686c15a623cfbc83e4b97e1224b') in 0.007425 seconds 
========================================================================
Received Import Request.
  Time since last request: 2.281456 seconds.
  path: Assets/Scrip/nuevo/Enemy_Life.cs
  artifactKey: Guid(03811de662240fb468d81a39975d430b) Importer(815301076,1909f56bfc062723c751e8b465ee728b)
Start importing Assets/Scrip/nuevo/Enemy_Life.cs using Guid(03811de662240fb468d81a39975d430b) Importer(815301076,1909f56bfc062723c751e8b465ee728b)  -> (artifact id: '21ab3e1253f81f79c9831f5113c00bf0') in 0.007695 seconds 
========================================================================
Received Import Request.
  Time since last request: 108.522917 seconds.
  path: Assets/Scrip/Enemigo
  artifactKey: Guid(90c8fcc9bfbf6414b87523e6cac2cf8f) Importer(815301076,1909f56bfc062723c751e8b465ee728b)
Start importing Assets/Scrip/Enemigo using Guid(90c8fcc9bfbf6414b87523e6cac2cf8f) Importer(815301076,1909f56bfc062723c751e8b465ee728b)  -> (artifact id: '350cd5dddef6b975f30166b8db0e994f') in 0.007114 seconds 
========================================================================
Received Prepare
Registering precompiled user dll's ...
Registered in 0.000456 seconds.
Begin MonoManager ReloadAssembly
Native extension for WindowsStandalone target not found
Refreshing native plugins compatible for Editor in 0.26 ms, found 0 plugins.
Preloading 0 native plugins for Editor in 0.00 ms.
Mono: successfully reloaded assembly
- Completed reload, in  0.589 seconds
Platform modules already initialized, skipping
Refreshing native plugins compatible for Editor in 0.24 ms, found 0 plugins.
Preloading 0 native plugins for Editor in 0.00 ms.
Unloading 1167 Unused Serialized files (Serialized files now loaded: 0)
System memory in use before: 70.0 MB.
System memory in use after: 69.8 MB.

Unloading 6 unused Assets to reduce memory usage. Loaded Objects now: 1710.
Total: 1.880100 ms (FindLiveObjects: 0.127300 ms CreateObjectMapping: 0.025600 ms MarkObjects: 1.538200 ms  DeleteObjects: 0.188000 ms)

========================================================================
Received Import Request.
  Time since last request: 34.289726 seconds.
  path: Assets/Scrip/Enemigo/Enemy.cs
  artifactKey: Guid(ffe01a3815ef58045acc2e2705851962) Importer(815301076,1909f56bfc062723c751e8b465ee728b)
Start importing Assets/Scrip/Enemigo/Enemy.cs using Guid(ffe01a3815ef58045acc2e2705851962) Importer(815301076,1909f56bfc062723c751e8b465ee728b)  -> (artifact id: 'e728a4ba08750b21738e74ff1da2b016') in 0.009623 seconds 
========================================================================
Received Prepare
Registering precompiled user dll's ...
Registered in 0.000501 seconds.
Begin MonoManager ReloadAssembly
Native extension for WindowsStandalone target not found
Refreshing native plugins compatible for Editor in 0.32 ms, found 0 plugins.
Preloading 0 native plugins for Editor in 0.00 ms.
Mono: successfully reloaded assembly
- Completed reload, in  0.624 seconds
Platform modules already initialized, skipping
Refreshing native plugins compatible for Editor in 0.28 ms, found 0 plugins.
Preloading 0 native plugins for Editor in 0.00 ms.
Unloading 1169 Unused Serialized files (Serialized files now loaded: 0)
System memory in use before: 70.1 MB.
System memory in use after: 69.8 MB.

Unloading 6 unused Assets to reduce memory usage. Loaded Objects now: 1715.
Total: 2.051100 ms (FindLiveObjects: 0.169400 ms CreateObjectMapping: 0.027400 ms MarkObjects: 1.651200 ms  DeleteObjects: 0.201900 ms)

========================================================================
Received Prepare
Registering precompiled user dll's ...
Registered in 0.000528 seconds.
Begin MonoManager ReloadAssembly
Native extension for WindowsStandalone target not found
Refreshing native plugins compatible for Editor in 0.25 ms, found 0 plugins.
Preloading 0 native plugins for Editor in 0.00 ms.
Mono: successfully reloaded assembly
- Completed reload, in  0.591 seconds
Platform modules already initialized, skipping
Refreshing native plugins compatible for Editor in 0.26 ms, found 0 plugins.
Preloading 0 native plugins for Editor in 0.00 ms.
Unloading 1169 Unused Serialized files (Serialized files now loaded: 0)
System memory in use before: 70.1 MB.
System memory in use after: 69.8 MB.

Unloading 6 unused Assets to reduce memory usage. Loaded Objects now: 1718.
Total: 1.705400 ms (FindLiveObjects: 0.143900 ms CreateObjectMapping: 0.074300 ms MarkObjects: 1.306300 ms  DeleteObjects: 0.180300 ms)

========================================================================
Received Import Request.
  Time since last request: 174.670116 seconds.
  path: Assets/Scrip/Enemigo/Enemy.cs
  artifactKey: Guid(ffe01a3815ef58045acc2e2705851962) Importer(815301076,1909f56bfc062723c751e8b465ee728b)
Start importing Assets/Scrip/Enemigo/Enemy.cs using Guid(ffe01a3815ef58045acc2e2705851962) Importer(815301076,1909f56bfc062723c751e8b465ee728b)  -> (artifact id: 'c01273e70962afc515cd11be2941db8f') in 0.006185 seconds 
========================================================================
Received Import Request.
  Time since last request: 897.980784 seconds.
  path: Assets/Scrip/Enemigo/Enemy.cs
  artifactKey: Guid(ffe01a3815ef58045acc2e2705851962) Importer(815301076,1909f56bfc062723c751e8b465ee728b)
Start importing Assets/Scrip/Enemigo/Enemy.cs using Guid(ffe01a3815ef58045acc2e2705851962) Importer(815301076,1909f56bfc062723c751e8b465ee728b)  -> (artifact id: 'fab1457d0f6ac61f1ff6b582e9a053ce') in 0.002140 seconds 
========================================================================
Received Import Request.
  Time since last request: 59.736545 seconds.
  path: Assets/Scrip/Enemigo/ObjectPool.cs
  artifactKey: Guid(c85d552fc52fc8446bbbcf0e85c88eea) Importer(815301076,1909f56bfc062723c751e8b465ee728b)
Start importing Assets/Scrip/Enemigo/ObjectPool.cs using Guid(c85d552fc52fc8446bbbcf0e85c88eea) Importer(815301076,1909f56bfc062723c751e8b465ee728b)  -> (artifact id: '9fa5675392ad17f1deb8469aacc15030') in 0.007144 seconds 
========================================================================
Received Import Request.
  Time since last request: 42.659463 seconds.
  path: Assets/Scrip/Enemigo/ObjectPool.cs
  artifactKey: Guid(c85d552fc52fc8446bbbcf0e85c88eea) Importer(815301076,1909f56bfc062723c751e8b465ee728b)
Start importing Assets/Scrip/Enemigo/ObjectPool.cs using Guid(c85d552fc52fc8446bbbcf0e85c88eea) Importer(815301076,1909f56bfc062723c751e8b465ee728b)  -> (artifact id: '86d6704525965bd744f44f9387e89525') in 0.002104 seconds 
========================================================================
Received Import Request.
  Time since last request: 4.912246 seconds.
  path: Assets/Scrip/Enemigo/PoolableObject.cs
  artifactKey: Guid(10d488961bc0111419578a2f9919def4) Importer(815301076,1909f56bfc062723c751e8b465ee728b)
Start importing Assets/Scrip/Enemigo/PoolableObject.cs using Guid(10d488961bc0111419578a2f9919def4) Importer(815301076,1909f56bfc062723c751e8b465ee728b)  -> (artifact id: 'ce71da060214fc85ae4e27a92dfb4352') in 0.007635 seconds 
========================================================================
Received Import Request.
  Time since last request: 18.008763 seconds.
  path: Assets/Scrip/Enemigo/PoolableObject.cs
  artifactKey: Guid(10d488961bc0111419578a2f9919def4) Importer(815301076,1909f56bfc062723c751e8b465ee728b)
Start importing Assets/Scrip/Enemigo/PoolableObject.cs using Guid(10d488961bc0111419578a2f9919def4) Importer(815301076,1909f56bfc062723c751e8b465ee728b)  -> (artifact id: '5125db4aefa332e2c9003958e6bed991') in 0.002168 seconds 
========================================================================
Received Import Request.
  Time since last request: 943.421395 seconds.
  path: Assets/Scrip/EnemySpawner.cs
  artifactKey: Guid(665708c6db7c2e040bb02f528f2ecb4a) Importer(815301076,1909f56bfc062723c751e8b465ee728b)
Start importing Assets/Scrip/EnemySpawner.cs using Guid(665708c6db7c2e040bb02f528f2ecb4a) Importer(815301076,1909f56bfc062723c751e8b465ee728b)  -> (artifact id: 'd2e5aaa6597b435ab62444a4aaaa923d') in 0.002182 seconds 
========================================================================
Received Prepare
Registering precompiled user dll's ...
Registered in 0.000652 seconds.
Begin MonoManager ReloadAssembly
Native extension for WindowsStandalone target not found
Refreshing native plugins compatible for Editor in 0.27 ms, found 0 plugins.
Preloading 0 native plugins for Editor in 0.00 ms.
Mono: successfully reloaded assembly
- Completed reload, in  0.604 seconds
Platform modules already initialized, skipping
Refreshing native plugins compatible for Editor in 0.24 ms, found 0 plugins.
Preloading 0 native plugins for Editor in 0.00 ms.
Unloading 1170 Unused Serialized files (Serialized files now loaded: 0)
System memory in use before: 70.1 MB.
System memory in use after: 69.9 MB.

Unloading 7 unused Assets to reduce memory usage. Loaded Objects now: 1722.
Total: 1.744500 ms (FindLiveObjects: 0.125000 ms CreateObjectMapping: 0.069800 ms MarkObjects: 1.354600 ms  DeleteObjects: 0.194500 ms)

========================================================================
Received Prepare
Registering precompiled user dll's ...
Registered in 0.000501 seconds.
Begin MonoManager ReloadAssembly
Native extension for WindowsStandalone target not found
Refreshing native plugins compatible for Editor in 0.30 ms, found 0 plugins.
Preloading 0 native plugins for Editor in 0.00 ms.
Mono: successfully reloaded assembly
- Completed reload, in  0.593 seconds
Platform modules already initialized, skipping
Refreshing native plugins compatible for Editor in 0.26 ms, found 0 plugins.
Preloading 0 native plugins for Editor in 0.00 ms.
Unloading 1166 Unused Serialized files (Serialized files now loaded: 0)
System memory in use before: 70.1 MB.
System memory in use after: 69.8 MB.

Unloading 10 unused Assets to reduce memory usage. Loaded Objects now: 1721.
Total: 1.738000 ms (FindLiveObjects: 0.132100 ms CreateObjectMapping: 0.026100 ms MarkObjects: 1.392100 ms  DeleteObjects: 0.186600 ms)

========================================================================
Received Prepare
Registering precompiled user dll's ...
Registered in 0.000463 seconds.
Begin MonoManager ReloadAssembly
Native extension for WindowsStandalone target not found
Refreshing native plugins compatible for Editor in 0.24 ms, found 0 plugins.
Preloading 0 native plugins for Editor in 0.00 ms.
Mono: successfully reloaded assembly
- Completed reload, in  0.588 seconds
Platform modules already initialized, skipping
Refreshing native plugins compatible for Editor in 0.26 ms, found 0 plugins.
Preloading 0 native plugins for Editor in 0.00 ms.
Unloading 1166 Unused Serialized files (Serialized files now loaded: 0)
System memory in use before: 70.0 MB.
System memory in use after: 69.8 MB.

Unloading 6 unused Assets to reduce memory usage. Loaded Objects now: 1724.
Total: 1.664600 ms (FindLiveObjects: 0.142500 ms CreateObjectMapping: 0.027800 ms MarkObjects: 1.313800 ms  DeleteObjects: 0.179700 ms)

========================================================================
Received Import Request.
  Time since last request: 67.240645 seconds.
  path: Assets/Scrip/Disparo_X_5to.cs
  artifactKey: Guid(6c6604ea0dacc0649ba316848349adb6) Importer(815301076,1909f56bfc062723c751e8b465ee728b)
Start importing Assets/Scrip/Disparo_X_5to.cs using Guid(6c6604ea0dacc0649ba316848349adb6) Importer(815301076,1909f56bfc062723c751e8b465ee728b)  -> (artifact id: 'c649fd0eb91823d0c35ea1c61e3c9038') in 0.008824 seconds 
========================================================================
Received Import Request.
  Time since last request: 0.841562 seconds.
  path: Assets/Scrip/Disparo_doble.cs
  artifactKey: Guid(510268be452502b4bb441ec166763a8a) Importer(815301076,1909f56bfc062723c751e8b465ee728b)
Start importing Assets/Scrip/Disparo_doble.cs using Guid(510268be452502b4bb441ec166763a8a) Importer(815301076,1909f56bfc062723c751e8b465ee728b)  -> (artifact id: '5008530b583f13588abeddc0148e3f0e') in 0.007424 seconds 
========================================================================
Received Import Request.
  Time since last request: 0.394903 seconds.
  path: Assets/Scrip/Disparo_Bomba.cs
  artifactKey: Guid(9a948c2c6dfbc9240b9b8cd0106feeeb) Importer(815301076,1909f56bfc062723c751e8b465ee728b)
Start importing Assets/Scrip/Disparo_Bomba.cs using Guid(9a948c2c6dfbc9240b9b8cd0106feeeb) Importer(815301076,1909f56bfc062723c751e8b465ee728b)  -> (artifact id: 'a2f22d1c3ceb3ef480a275bcad1a1a72') in 0.007278 seconds 
========================================================================
Received Prepare
Registering precompiled user dll's ...
Registered in 0.000465 seconds.
Begin MonoManager ReloadAssembly
Native extension for WindowsStandalone target not found
Refreshing native plugins compatible for Editor in 0.25 ms, found 0 plugins.
Preloading 0 native plugins for Editor in 0.00 ms.
Mono: successfully reloaded assembly
- Completed reload, in  0.581 seconds
Platform modules already initialized, skipping
Refreshing native plugins compatible for Editor in 0.24 ms, found 0 plugins.
Preloading 0 native plugins for Editor in 0.00 ms.
Unloading 1166 Unused Serialized files (Serialized files now loaded: 0)
System memory in use before: 70.1 MB.
System memory in use after: 69.8 MB.

Unloading 6 unused Assets to reduce memory usage. Loaded Objects now: 1727.
Total: 1.769000 ms (FindLiveObjects: 0.139800 ms CreateObjectMapping: 0.028100 ms MarkObjects: 1.411000 ms  DeleteObjects: 0.189200 ms)

========================================================================
Received Prepare
Registering precompiled user dll's ...
Registered in 0.000495 seconds.
Begin MonoManager ReloadAssembly
Native extension for WindowsStandalone target not found
Refreshing native plugins compatible for Editor in 0.25 ms, found 0 plugins.
Preloading 0 native plugins for Editor in 0.00 ms.
Mono: successfully reloaded assembly
- Completed reload, in  0.591 seconds
Platform modules already initialized, skipping
Refreshing native plugins compatible for Editor in 0.24 ms, found 0 plugins.
Preloading 0 native plugins for Editor in 0.00 ms.
Unloading 1166 Unused Serialized files (Serialized files now loaded: 0)
System memory in use before: 70.1 MB.
System memory in use after: 69.8 MB.

Unloading 6 unused Assets to reduce memory usage. Loaded Objects now: 1730.
Total: 1.855100 ms (FindLiveObjects: 0.133600 ms CreateObjectMapping: 0.025600 ms MarkObjects: 1.514100 ms  DeleteObjects: 0.180800 ms)

========================================================================
Received Import Request.
  Time since last request: 245.354176 seconds.
  path: Assets/Scrip/Spawns_Enemies.cs
  artifactKey: Guid(ef213b0a57026654cbc0979d60ffd41f) Importer(815301076,1909f56bfc062723c751e8b465ee728b)
Start importing Assets/Scrip/Spawns_Enemies.cs using Guid(ef213b0a57026654cbc0979d60ffd41f) Importer(815301076,1909f56bfc062723c751e8b465ee728b)  -> (artifact id: '0d4935cf24161162f7f759b66bf3cda3') in 0.003840 seconds 
========================================================================
Received Prepare
Registering precompiled user dll's ...
Registered in 0.000476 seconds.
Begin MonoManager ReloadAssembly
Native extension for WindowsStandalone target not found
Refreshing native plugins compatible for Editor in 0.26 ms, found 0 plugins.
Preloading 0 native plugins for Editor in 0.00 ms.
Mono: successfully reloaded assembly
- Completed reload, in  0.585 seconds
Platform modules already initialized, skipping
Refreshing native plugins compatible for Editor in 0.25 ms, found 0 plugins.
Preloading 0 native plugins for Editor in 0.00 ms.
Unloading 1166 Unused Serialized files (Serialized files now loaded: 0)
System memory in use before: 70.2 MB.
System memory in use after: 69.9 MB.

Unloading 6 unused Assets to reduce memory usage. Loaded Objects now: 1733.
Total: 1.916500 ms (FindLiveObjects: 0.130900 ms CreateObjectMapping: 0.029900 ms MarkObjects: 1.574600 ms  DeleteObjects: 0.180200 ms)

========================================================================
Received Prepare
Registering precompiled user dll's ...
Registered in 0.000505 seconds.
Begin MonoManager ReloadAssembly
Native extension for WindowsStandalone target not found
Refreshing native plugins compatible for Editor in 0.27 ms, found 0 plugins.
Preloading 0 native plugins for Editor in 0.00 ms.
Mono: successfully reloaded assembly
- Completed reload, in  0.653 seconds
Platform modules already initialized, skipping
Refreshing native plugins compatible for Editor in 0.28 ms, found 0 plugins.
Preloading 0 native plugins for Editor in 0.00 ms.
Unloading 1166 Unused Serialized files (Serialized files now loaded: 0)
System memory in use before: 70.3 MB.
System memory in use after: 70.0 MB.

Unloading 6 unused Assets to reduce memory usage. Loaded Objects now: 1736.
Total: 1.907300 ms (FindLiveObjects: 0.144100 ms CreateObjectMapping: 0.026400 ms MarkObjects: 1.518600 ms  DeleteObjects: 0.216800 ms)

========================================================================
Received Prepare
Registering precompiled user dll's ...
Registered in 0.000517 seconds.
Begin MonoManager ReloadAssembly
Native extension for WindowsStandalone target not found
Refreshing native plugins compatible for Editor in 0.31 ms, found 0 plugins.
Preloading 0 native plugins for Editor in 0.00 ms.
Mono: successfully reloaded assembly
- Completed reload, in  0.656 seconds
Platform modules already initialized, skipping
Refreshing native plugins compatible for Editor in 0.28 ms, found 0 plugins.
Preloading 0 native plugins for Editor in 0.00 ms.
Unloading 1166 Unused Serialized files (Serialized files now loaded: 0)
System memory in use before: 70.3 MB.
System memory in use after: 70.0 MB.

Unloading 6 unused Assets to reduce memory usage. Loaded Objects now: 1739.
Total: 2.177500 ms (FindLiveObjects: 0.173400 ms CreateObjectMapping: 0.028300 ms MarkObjects: 1.758700 ms  DeleteObjects: 0.215600 ms)

========================================================================
Received Prepare
Registering precompiled user dll's ...
Registered in 0.000452 seconds.
Begin MonoManager ReloadAssembly
Native extension for WindowsStandalone target not found
Refreshing native plugins compatible for Editor in 0.25 ms, found 0 plugins.
Preloading 0 native plugins for Editor in 0.00 ms.
Mono: successfully reloaded assembly
- Completed reload, in  0.597 seconds
Platform modules already initialized, skipping
Refreshing native plugins compatible for Editor in 0.24 ms, found 0 plugins.
Preloading 0 native plugins for Editor in 0.00 ms.
Unloading 1166 Unused Serialized files (Serialized files now loaded: 0)
System memory in use before: 70.3 MB.
System memory in use after: 70.0 MB.

Unloading 6 unused Assets to reduce memory usage. Loaded Objects now: 1742.
Total: 1.851100 ms (FindLiveObjects: 0.134700 ms CreateObjectMapping: 0.025600 ms MarkObjects: 1.487100 ms  DeleteObjects: 0.202800 ms)

========================================================================
Received Prepare
Registering precompiled user dll's ...
Registered in 0.000513 seconds.
Begin MonoManager ReloadAssembly
Native extension for WindowsStandalone target not found
Refreshing native plugins compatible for Editor in 0.28 ms, found 0 plugins.
Preloading 0 native plugins for Editor in 0.00 ms.
Mono: successfully reloaded assembly
- Completed reload, in  0.601 seconds
Platform modules already initialized, skipping
Refreshing native plugins compatible for Editor in 0.25 ms, found 0 plugins.
Preloading 0 native plugins for Editor in 0.00 ms.
Unloading 1166 Unused Serialized files (Serialized files now loaded: 0)
System memory in use before: 70.2 MB.
System memory in use after: 70.0 MB.

Unloading 6 unused Assets to reduce memory usage. Loaded Objects now: 1745.
Total: 1.936700 ms (FindLiveObjects: 0.136800 ms CreateObjectMapping: 0.026300 ms MarkObjects: 1.591500 ms  DeleteObjects: 0.181200 ms)

========================================================================
Received Prepare
Registering precompiled user dll's ...
Registered in 0.000576 seconds.
Begin MonoManager ReloadAssembly
Native extension for WindowsStandalone target not found
Refreshing native plugins compatible for Editor in 0.24 ms, found 0 plugins.
Preloading 0 native plugins for Editor in 0.00 ms.
Mono: successfully reloaded assembly
- Completed reload, in  0.611 seconds
Platform modules already initialized, skipping
Refreshing native plugins compatible for Editor in 0.29 ms, found 0 plugins.
Preloading 0 native plugins for Editor in 0.00 ms.
Unloading 1166 Unused Serialized files (Serialized files now loaded: 0)
System memory in use before: 70.2 MB.
System memory in use after: 70.0 MB.

Unloading 6 unused Assets to reduce memory usage. Loaded Objects now: 1748.
Total: 1.886200 ms (FindLiveObjects: 0.133200 ms CreateObjectMapping: 0.028600 ms MarkObjects: 1.543400 ms  DeleteObjects: 0.180000 ms)

========================================================================
Received Prepare
Registering precompiled user dll's ...
Registered in 0.000575 seconds.
Begin MonoManager ReloadAssembly
Native extension for WindowsStandalone target not found
Refreshing native plugins compatible for Editor in 0.24 ms, found 0 plugins.
Preloading 0 native plugins for Editor in 0.00 ms.
Mono: successfully reloaded assembly
- Completed reload, in  0.603 seconds
Platform modules already initialized, skipping
Refreshing native plugins compatible for Editor in 0.25 ms, found 0 plugins.
Preloading 0 native plugins for Editor in 0.00 ms.
Unloading 1166 Unused Serialized files (Serialized files now loaded: 0)
System memory in use before: 70.3 MB.
System memory in use after: 70.0 MB.

Unloading 6 unused Assets to reduce memory usage. Loaded Objects now: 1751.
Total: 1.789100 ms (FindLiveObjects: 0.159700 ms CreateObjectMapping: 0.027900 ms MarkObjects: 1.401400 ms  DeleteObjects: 0.198400 ms)

========================================================================
Received Prepare
Registering precompiled user dll's ...
Registered in 0.000469 seconds.
Begin MonoManager ReloadAssembly
Native extension for WindowsStandalone target not found
Refreshing native plugins compatible for Editor in 0.25 ms, found 0 plugins.
Preloading 0 native plugins for Editor in 0.00 ms.
Mono: successfully reloaded assembly
- Completed reload, in  0.589 seconds
Platform modules already initialized, skipping
Refreshing native plugins compatible for Editor in 0.24 ms, found 0 plugins.
Preloading 0 native plugins for Editor in 0.00 ms.
Unloading 1166 Unused Serialized files (Serialized files now loaded: 0)
System memory in use before: 70.3 MB.
System memory in use after: 70.0 MB.

Unloading 6 unused Assets to reduce memory usage. Loaded Objects now: 1754.
Total: 1.744400 ms (FindLiveObjects: 0.141800 ms CreateObjectMapping: 0.027600 ms MarkObjects: 1.392200 ms  DeleteObjects: 0.182000 ms)

========================================================================
Received Prepare
Registering precompiled user dll's ...
Registered in 0.000631 seconds.
Begin MonoManager ReloadAssembly
Native extension for WindowsStandalone target not found
Refreshing native plugins compatible for Editor in 0.28 ms, found 0 plugins.
Preloading 0 native plugins for Editor in 0.00 ms.
Mono: successfully reloaded assembly
- Completed reload, in  0.683 seconds
Platform modules already initialized, skipping
Refreshing native plugins compatible for Editor in 0.33 ms, found 0 plugins.
Preloading 0 native plugins for Editor in 0.00 ms.
Unloading 1166 Unused Serialized files (Serialized files now loaded: 0)
System memory in use before: 70.4 MB.
System memory in use after: 70.1 MB.

Unloading 6 unused Assets to reduce memory usage. Loaded Objects now: 1757.
Total: 1.837400 ms (FindLiveObjects: 0.151900 ms CreateObjectMapping: 0.029300 ms MarkObjects: 1.451200 ms  DeleteObjects: 0.204200 ms)

========================================================================
Received Prepare
Registering precompiled user dll's ...
Registered in 0.000524 seconds.
Begin MonoManager ReloadAssembly
Native extension for WindowsStandalone target not found
Refreshing native plugins compatible for Editor in 0.24 ms, found 0 plugins.
Preloading 0 native plugins for Editor in 0.00 ms.
Mono: successfully reloaded assembly
- Completed reload, in  0.619 seconds
Platform modules already initialized, skipping
Refreshing native plugins compatible for Editor in 0.26 ms, found 0 plugins.
Preloading 0 native plugins for Editor in 0.00 ms.
Unloading 1166 Unused Serialized files (Serialized files now loaded: 0)
System memory in use before: 70.4 MB.
System memory in use after: 70.1 MB.

Unloading 6 unused Assets to reduce memory usage. Loaded Objects now: 1760.
Total: 1.802100 ms (FindLiveObjects: 0.143800 ms CreateObjectMapping: 0.029100 ms MarkObjects: 1.404600 ms  DeleteObjects: 0.223800 ms)

========================================================================
Received Prepare
Registering precompiled user dll's ...
Registered in 0.000459 seconds.
Begin MonoManager ReloadAssembly
Native extension for WindowsStandalone target not found
Refreshing native plugins compatible for Editor in 0.24 ms, found 0 plugins.
Preloading 0 native plugins for Editor in 0.00 ms.
Mono: successfully reloaded assembly
- Completed reload, in  0.587 seconds
Platform modules already initialized, skipping
Refreshing native plugins compatible for Editor in 0.26 ms, found 0 plugins.
Preloading 0 native plugins for Editor in 0.00 ms.
Unloading 1166 Unused Serialized files (Serialized files now loaded: 0)
System memory in use before: 70.4 MB.
System memory in use after: 70.1 MB.

Unloading 6 unused Assets to reduce memory usage. Loaded Objects now: 1763.
Total: 1.754900 ms (FindLiveObjects: 0.139800 ms CreateObjectMapping: 0.031500 ms MarkObjects: 1.397700 ms  DeleteObjects: 0.185200 ms)

========================================================================
Received Prepare
Registering precompiled user dll's ...
Registered in 0.000498 seconds.
Begin MonoManager ReloadAssembly
Native extension for WindowsStandalone target not found
Refreshing native plugins compatible for Editor in 0.24 ms, found 0 plugins.
Preloading 0 native plugins for Editor in 0.00 ms.
Mono: successfully reloaded assembly
- Completed reload, in  0.593 seconds
Platform modules already initialized, skipping
Refreshing native plugins compatible for Editor in 0.24 ms, found 0 plugins.
Preloading 0 native plugins for Editor in 0.00 ms.
Unloading 1166 Unused Serialized files (Serialized files now loaded: 0)
System memory in use before: 70.4 MB.
System memory in use after: 70.1 MB.

Unloading 6 unused Assets to reduce memory usage. Loaded Objects now: 1766.
Total: 1.673500 ms (FindLiveObjects: 0.143800 ms CreateObjectMapping: 0.031800 ms MarkObjects: 1.288800 ms  DeleteObjects: 0.208500 ms)

========================================================================
Received Prepare
Registering precompiled user dll's ...
Registered in 0.000470 seconds.
Begin MonoManager ReloadAssembly
Native extension for WindowsStandalone target not found
Refreshing native plugins compatible for Editor in 0.26 ms, found 0 plugins.
Preloading 0 native plugins for Editor in 0.00 ms.
Mono: successfully reloaded assembly
- Completed reload, in  0.597 seconds
Platform modules already initialized, skipping
Refreshing native plugins compatible for Editor in 0.25 ms, found 0 plugins.
Preloading 0 native plugins for Editor in 0.00 ms.
Unloading 1166 Unused Serialized files (Serialized files now loaded: 0)
System memory in use before: 70.4 MB.
System memory in use after: 70.1 MB.

Unloading 6 unused Assets to reduce memory usage. Loaded Objects now: 1769.
Total: 2.401600 ms (FindLiveObjects: 0.145600 ms CreateObjectMapping: 0.028800 ms MarkObjects: 2.029200 ms  DeleteObjects: 0.196900 ms)

========================================================================
Received Prepare
Registering precompiled user dll's ...
Registered in 0.000520 seconds.
Begin MonoManager ReloadAssembly
Native extension for WindowsStandalone target not found
Refreshing native plugins compatible for Editor in 0.32 ms, found 0 plugins.
Preloading 0 native plugins for Editor in 0.00 ms.
Mono: successfully reloaded assembly
- Completed reload, in  0.589 seconds
Platform modules already initialized, skipping
Refreshing native plugins compatible for Editor in 0.24 ms, found 0 plugins.
Preloading 0 native plugins for Editor in 0.00 ms.
Unloading 1166 Unused Serialized files (Serialized files now loaded: 0)
System memory in use before: 70.4 MB.
System memory in use after: 70.1 MB.

Unloading 6 unused Assets to reduce memory usage. Loaded Objects now: 1772.
Total: 1.793600 ms (FindLiveObjects: 0.137900 ms CreateObjectMapping: 0.028500 ms MarkObjects: 1.430700 ms  DeleteObjects: 0.195500 ms)

========================================================================
Received Prepare
Registering precompiled user dll's ...
Registered in 0.000559 seconds.
Begin MonoManager ReloadAssembly
Native extension for WindowsStandalone target not found
Refreshing native plugins compatible for Editor in 0.24 ms, found 0 plugins.
Preloading 0 native plugins for Editor in 0.00 ms.
Mono: successfully reloaded assembly
- Completed reload, in  0.592 seconds
Platform modules already initialized, skipping
Refreshing native plugins compatible for Editor in 0.28 ms, found 0 plugins.
Preloading 0 native plugins for Editor in 0.00 ms.
Unloading 1166 Unused Serialized files (Serialized files now loaded: 0)
System memory in use before: 70.4 MB.
System memory in use after: 70.1 MB.

Unloading 6 unused Assets to reduce memory usage. Loaded Objects now: 1775.
Total: 1.984000 ms (FindLiveObjects: 0.136800 ms CreateObjectMapping: 0.026200 ms MarkObjects: 1.619700 ms  DeleteObjects: 0.200500 ms)

========================================================================
Received Prepare
Registering precompiled user dll's ...
Registered in 0.000479 seconds.
Begin MonoManager ReloadAssembly
Native extension for WindowsStandalone target not found
Refreshing native plugins compatible for Editor in 0.24 ms, found 0 plugins.
Preloading 0 native plugins for Editor in 0.00 ms.
Mono: successfully reloaded assembly
- Completed reload, in  0.597 seconds
Platform modules already initialized, skipping
Refreshing native plugins compatible for Editor in 0.26 ms, found 0 plugins.
Preloading 0 native plugins for Editor in 0.00 ms.
Unloading 1166 Unused Serialized files (Serialized files now loaded: 0)
System memory in use before: 70.4 MB.
System memory in use after: 70.1 MB.

Unloading 6 unused Assets to reduce memory usage. Loaded Objects now: 1778.
Total: 1.992600 ms (FindLiveObjects: 0.145000 ms CreateObjectMapping: 0.029100 ms MarkObjects: 1.635900 ms  DeleteObjects: 0.181300 ms)

========================================================================
Received Prepare
Registering precompiled user dll's ...
Registered in 0.000543 seconds.
Begin MonoManager ReloadAssembly
Native extension for WindowsStandalone target not found
Refreshing native plugins compatible for Editor in 0.25 ms, found 0 plugins.
Preloading 0 native plugins for Editor in 0.00 ms.
Mono: successfully reloaded assembly
- Completed reload, in  0.602 seconds
Platform modules already initialized, skipping
Refreshing native plugins compatible for Editor in 0.26 ms, found 0 plugins.
Preloading 0 native plugins for Editor in 0.00 ms.
Unloading 1166 Unused Serialized files (Serialized files now loaded: 0)
System memory in use before: 70.4 MB.
System memory in use after: 70.2 MB.

Unloading 6 unused Assets to reduce memory usage. Loaded Objects now: 1781.
Total: 1.846200 ms (FindLiveObjects: 0.133600 ms CreateObjectMapping: 0.026200 ms MarkObjects: 1.498800 ms  DeleteObjects: 0.186700 ms)

========================================================================
Received Prepare
Registering precompiled user dll's ...
Registered in 0.000532 seconds.
Begin MonoManager ReloadAssembly
Native extension for WindowsStandalone target not found
Refreshing native plugins compatible for Editor in 0.32 ms, found 0 plugins.
Preloading 0 native plugins for Editor in 0.00 ms.
Mono: successfully reloaded assembly
- Completed reload, in  0.622 seconds
Platform modules already initialized, skipping
Refreshing native plugins compatible for Editor in 0.26 ms, found 0 plugins.
Preloading 0 native plugins for Editor in 0.00 ms.
Unloading 1166 Unused Serialized files (Serialized files now loaded: 0)
System memory in use before: 70.4 MB.
System memory in use after: 70.2 MB.

Unloading 6 unused Assets to reduce memory usage. Loaded Objects now: 1784.
Total: 2.141700 ms (FindLiveObjects: 0.152100 ms CreateObjectMapping: 0.028900 ms MarkObjects: 1.752600 ms  DeleteObjects: 0.207100 ms)

========================================================================
Received Prepare
Registering precompiled user dll's ...
Registered in 0.000783 seconds.
Begin MonoManager ReloadAssembly
Native extension for WindowsStandalone target not found
Refreshing native plugins compatible for Editor in 0.25 ms, found 0 plugins.
Preloading 0 native plugins for Editor in 0.00 ms.
Mono: successfully reloaded assembly
- Completed reload, in  0.607 seconds
Platform modules already initialized, skipping
Refreshing native plugins compatible for Editor in 0.27 ms, found 0 plugins.
Preloading 0 native plugins for Editor in 0.00 ms.
Unloading 1166 Unused Serialized files (Serialized files now loaded: 0)
System memory in use before: 70.4 MB.
System memory in use after: 70.2 MB.

Unloading 6 unused Assets to reduce memory usage. Loaded Objects now: 1787.
Total: 1.943100 ms (FindLiveObjects: 0.137200 ms CreateObjectMapping: 0.025200 ms MarkObjects: 1.575100 ms  DeleteObjects: 0.204500 ms)

========================================================================
Received Prepare
Registering precompiled user dll's ...
Registered in 0.000532 seconds.
Begin MonoManager ReloadAssembly
Native extension for WindowsStandalone target not found
Refreshing native plugins compatible for Editor in 0.25 ms, found 0 plugins.
Preloading 0 native plugins for Editor in 0.00 ms.
Mono: successfully reloaded assembly
- Completed reload, in  0.602 seconds
Platform modules already initialized, skipping
Refreshing native plugins compatible for Editor in 0.25 ms, found 0 plugins.
Preloading 0 native plugins for Editor in 0.00 ms.
Unloading 1166 Unused Serialized files (Serialized files now loaded: 0)
System memory in use before: 70.4 MB.
System memory in use after: 70.2 MB.

Unloading 6 unused Assets to reduce memory usage. Loaded Objects now: 1790.
Total: 1.907100 ms (FindLiveObjects: 0.136300 ms CreateObjectMapping: 0.026600 ms MarkObjects: 1.563700 ms  DeleteObjects: 0.179300 ms)

========================================================================
Received Prepare
Registering precompiled user dll's ...
Registered in 0.000543 seconds.
Begin MonoManager ReloadAssembly
Native extension for WindowsStandalone target not found
Refreshing native plugins compatible for Editor in 0.24 ms, found 0 plugins.
Preloading 0 native plugins for Editor in 0.00 ms.
Mono: successfully reloaded assembly
- Completed reload, in  0.601 seconds
Platform modules already initialized, skipping
Refreshing native plugins compatible for Editor in 0.25 ms, found 0 plugins.
Preloading 0 native plugins for Editor in 0.00 ms.
Unloading 1166 Unused Serialized files (Serialized files now loaded: 0)
System memory in use before: 70.4 MB.
System memory in use after: 70.2 MB.

Unloading 6 unused Assets to reduce memory usage. Loaded Objects now: 1793.
Total: 1.666600 ms (FindLiveObjects: 0.122700 ms CreateObjectMapping: 0.025600 ms MarkObjects: 1.338000 ms  DeleteObjects: 0.179500 ms)

========================================================================
Received Prepare
Registering precompiled user dll's ...
Registered in 0.000559 seconds.
Begin MonoManager ReloadAssembly
Native extension for WindowsStandalone target not found
Refreshing native plugins compatible for Editor in 0.24 ms, found 0 plugins.
Preloading 0 native plugins for Editor in 0.00 ms.
Mono: successfully reloaded assembly
- Completed reload, in  0.589 seconds
Platform modules already initialized, skipping
Refreshing native plugins compatible for Editor in 0.25 ms, found 0 plugins.
Preloading 0 native plugins for Editor in 0.00 ms.
Unloading 1166 Unused Serialized files (Serialized files now loaded: 0)
System memory in use before: 70.4 MB.
System memory in use after: 70.2 MB.

Unloading 6 unused Assets to reduce memory usage. Loaded Objects now: 1796.
Total: 1.871600 ms (FindLiveObjects: 0.135000 ms CreateObjectMapping: 0.027400 ms MarkObjects: 1.528200 ms  DeleteObjects: 0.180200 ms)

========================================================================
Received Prepare
Registering precompiled user dll's ...
Registered in 0.000510 seconds.
Begin MonoManager ReloadAssembly
Native extension for WindowsStandalone target not found
Refreshing native plugins compatible for Editor in 0.25 ms, found 0 plugins.
Preloading 0 native plugins for Editor in 0.00 ms.
Mono: successfully reloaded assembly
- Completed reload, in  0.607 seconds
Platform modules already initialized, skipping
Refreshing native plugins compatible for Editor in 0.25 ms, found 0 plugins.
Preloading 0 native plugins for Editor in 0.00 ms.
Unloading 1166 Unused Serialized files (Serialized files now loaded: 0)
System memory in use before: 70.5 MB.
System memory in use after: 70.2 MB.

Unloading 6 unused Assets to reduce memory usage. Loaded Objects now: 1799.
Total: 1.935700 ms (FindLiveObjects: 0.143800 ms CreateObjectMapping: 0.025600 ms MarkObjects: 1.541400 ms  DeleteObjects: 0.224000 ms)

========================================================================
Received Prepare
Registering precompiled user dll's ...
Registered in 0.000827 seconds.
Begin MonoManager ReloadAssembly
Native extension for WindowsStandalone target not found
Refreshing native plugins compatible for Editor in 0.35 ms, found 0 plugins.
Preloading 0 native plugins for Editor in 0.00 ms.
Mono: successfully reloaded assembly
- Completed reload, in  0.662 seconds
Platform modules already initialized, skipping
Refreshing native plugins compatible for Editor in 0.29 ms, found 0 plugins.
Preloading 0 native plugins for Editor in 0.00 ms.
Unloading 1166 Unused Serialized files (Serialized files now loaded: 0)
System memory in use before: 70.5 MB.
System memory in use after: 70.2 MB.

Unloading 6 unused Assets to reduce memory usage. Loaded Objects now: 1802.
Total: 1.889900 ms (FindLiveObjects: 0.164600 ms CreateObjectMapping: 0.026400 ms MarkObjects: 1.487200 ms  DeleteObjects: 0.210500 ms)

========================================================================
Received Prepare
Registering precompiled user dll's ...
Registered in 0.000536 seconds.
Begin MonoManager ReloadAssembly
Native extension for WindowsStandalone target not found
Refreshing native plugins compatible for Editor in 0.25 ms, found 0 plugins.
Preloading 0 native plugins for Editor in 0.00 ms.
Mono: successfully reloaded assembly
- Completed reload, in  0.626 seconds
Platform modules already initialized, skipping
Refreshing native plugins compatible for Editor in 0.30 ms, found 0 plugins.
Preloading 0 native plugins for Editor in 0.00 ms.
Unloading 1166 Unused Serialized files (Serialized files now loaded: 0)
System memory in use before: 70.5 MB.
System memory in use after: 70.2 MB.

Unloading 6 unused Assets to reduce memory usage. Loaded Objects now: 1805.
Total: 2.070700 ms (FindLiveObjects: 0.155900 ms CreateObjectMapping: 0.026900 ms MarkObjects: 1.648600 ms  DeleteObjects: 0.237700 ms)

========================================================================
Received Prepare
Registering precompiled user dll's ...
Registered in 0.000478 seconds.
Begin MonoManager ReloadAssembly
Native extension for WindowsStandalone target not found
Refreshing native plugins compatible for Editor in 0.35 ms, found 0 plugins.
Preloading 0 native plugins for Editor in 0.00 ms.
Mono: successfully reloaded assembly
- Completed reload, in  0.607 seconds
Platform modules already initialized, skipping
Refreshing native plugins compatible for Editor in 0.25 ms, found 0 plugins.
Preloading 0 native plugins for Editor in 0.00 ms.
Unloading 1166 Unused Serialized files (Serialized files now loaded: 0)
System memory in use before: 70.5 MB.
System memory in use after: 70.2 MB.

Unloading 6 unused Assets to reduce memory usage. Loaded Objects now: 1808.
Total: 1.809800 ms (FindLiveObjects: 0.172900 ms CreateObjectMapping: 0.026300 ms MarkObjects: 1.421300 ms  DeleteObjects: 0.188300 ms)

========================================================================
Received Prepare
Registering precompiled user dll's ...
Registered in 0.000526 seconds.
Begin MonoManager ReloadAssembly
Native extension for WindowsStandalone target not found
Refreshing native plugins compatible for Editor in 0.24 ms, found 0 plugins.
Preloading 0 native plugins for Editor in 0.00 ms.
Mono: successfully reloaded assembly
- Completed reload, in  0.587 seconds
Platform modules already initialized, skipping
Refreshing native plugins compatible for Editor in 0.24 ms, found 0 plugins.
Preloading 0 native plugins for Editor in 0.00 ms.
Unloading 1166 Unused Serialized files (Serialized files now loaded: 0)
System memory in use before: 70.5 MB.
System memory in use after: 70.2 MB.

Unloading 6 unused Assets to reduce memory usage. Loaded Objects now: 1811.
Total: 1.848900 ms (FindLiveObjects: 0.145000 ms CreateObjectMapping: 0.030000 ms MarkObjects: 1.491100 ms  DeleteObjects: 0.181800 ms)

========================================================================
Received Prepare
Registering precompiled user dll's ...
Registered in 0.000507 seconds.
Begin MonoManager ReloadAssembly
Native extension for WindowsStandalone target not found
Refreshing native plugins compatible for Editor in 0.24 ms, found 0 plugins.
Preloading 0 native plugins for Editor in 0.00 ms.
Mono: successfully reloaded assembly
- Completed reload, in  0.595 seconds
Platform modules already initialized, skipping
Refreshing native plugins compatible for Editor in 0.25 ms, found 0 plugins.
Preloading 0 native plugins for Editor in 0.00 ms.
Unloading 1166 Unused Serialized files (Serialized files now loaded: 0)
System memory in use before: 70.5 MB.
System memory in use after: 70.2 MB.

Unloading 6 unused Assets to reduce memory usage. Loaded Objects now: 1814.
Total: 1.724700 ms (FindLiveObjects: 0.141100 ms CreateObjectMapping: 0.067500 ms MarkObjects: 1.324800 ms  DeleteObjects: 0.190500 ms)

========================================================================
Received Import Request.
  Time since last request: 3434.973064 seconds.
  path: Assets/Scrip/nuevo/Enemy_Life.cs
  artifactKey: Guid(03811de662240fb468d81a39975d430b) Importer(815301076,1909f56bfc062723c751e8b465ee728b)
Start importing Assets/Scrip/nuevo/Enemy_Life.cs using Guid(03811de662240fb468d81a39975d430b) Importer(815301076,1909f56bfc062723c751e8b465ee728b)  -> (artifact id: '39476d780ca424172b6d4bb9c32ad1e7') in 0.009078 seconds 
========================================================================
Received Prepare
Registering precompiled user dll's ...
Registered in 0.000554 seconds.
Begin MonoManager ReloadAssembly
Native extension for WindowsStandalone target not found
Refreshing native plugins compatible for Editor in 0.24 ms, found 0 plugins.
Preloading 0 native plugins for Editor in 0.00 ms.
Mono: successfully reloaded assembly
- Completed reload, in  0.596 seconds
Platform modules already initialized, skipping
Refreshing native plugins compatible for Editor in 0.24 ms, found 0 plugins.
Preloading 0 native plugins for Editor in 0.00 ms.
Unloading 1166 Unused Serialized files (Serialized files now loaded: 0)
System memory in use before: 70.5 MB.
System memory in use after: 70.2 MB.

Unloading 6 unused Assets to reduce memory usage. Loaded Objects now: 1817.
Total: 1.782100 ms (FindLiveObjects: 0.132200 ms CreateObjectMapping: 0.026700 ms MarkObjects: 1.430300 ms  DeleteObjects: 0.192000 ms)

========================================================================
Received Import Request.
  Time since last request: 71.224041 seconds.
  path: Assets/Scrip/nuevo/Enemy_Life.cs
  artifactKey: Guid(03811de662240fb468d81a39975d430b) Importer(815301076,1909f56bfc062723c751e8b465ee728b)
Start importing Assets/Scrip/nuevo/Enemy_Life.cs using Guid(03811de662240fb468d81a39975d430b) Importer(815301076,1909f56bfc062723c751e8b465ee728b)  -> (artifact id: 'e784e2aa4606cd7550afd46c5b9a5680') in 0.003840 seconds 
========================================================================
Received Import Request.
  Time since last request: 180.862756 seconds.
  path: Assets/Scrip/nuevo/CrearForceField.cs
  artifactKey: Guid(85e4ef6e5cab86640b82bff6b361e03e) Importer(815301076,1909f56bfc062723c751e8b465ee728b)
Start importing Assets/Scrip/nuevo/CrearForceField.cs using Guid(85e4ef6e5cab86640b82bff6b361e03e) Importer(815301076,1909f56bfc062723c751e8b465ee728b)  -> (artifact id: '2f89f9df26c7ff2b36c2520ac19e3084') in 0.007641 seconds 
========================================================================
Received Import Request.
  Time since last request: 16.845192 seconds.
  path: Assets/Scrip/nuevo/ForceField.cs
  artifactKey: Guid(034565f70a33d5a428ac6ad92f508cf8) Importer(815301076,1909f56bfc062723c751e8b465ee728b)
Start importing Assets/Scrip/nuevo/ForceField.cs using Guid(034565f70a33d5a428ac6ad92f508cf8) Importer(815301076,1909f56bfc062723c751e8b465ee728b)  -> (artifact id: '9747db65051fe7e09b84a301d57def5e') in 0.007026 seconds 
========================================================================
Received Import Request.
  Time since last request: 4.634341 seconds.
  path: Assets/Scrip/nuevo/SimpleMove.cs
  artifactKey: Guid(d306af558b256ac428160742fe94eb5c) Importer(815301076,1909f56bfc062723c751e8b465ee728b)
Start importing Assets/Scrip/nuevo/SimpleMove.cs using Guid(d306af558b256ac428160742fe94eb5c) Importer(815301076,1909f56bfc062723c751e8b465ee728b)  -> (artifact id: 'a460438ccc1eb8211db5d5a2a3978f60') in 0.007426 seconds 
========================================================================
Received Import Request.
  Time since last request: 5.993657 seconds.
  path: Assets/Scrip/nuevo/ThirdPersonCamera.cs
  artifactKey: Guid(fbb357a582d0e314882bd5fb52da0d1e) Importer(815301076,1909f56bfc062723c751e8b465ee728b)
Start importing Assets/Scrip/nuevo/ThirdPersonCamera.cs using Guid(fbb357a582d0e314882bd5fb52da0d1e) Importer(815301076,1909f56bfc062723c751e8b465ee728b)  -> (artifact id: '28fe3c4ac864fe937011974d3bbf7b7f') in 0.007067 seconds 
========================================================================
Received Import Request.
  Time since last request: 9.404617 seconds.
  path: Assets/Scrip/nuevo/PlayerScripts/BetterInvi.cs
  artifactKey: Guid(90e5c607e3911744e886ec235d70b28c) Importer(815301076,1909f56bfc062723c751e8b465ee728b)
Start importing Assets/Scrip/nuevo/PlayerScripts/BetterInvi.cs using Guid(90e5c607e3911744e886ec235d70b28c) Importer(815301076,1909f56bfc062723c751e8b465ee728b)  -> (artifact id: '40574024d87f6661051373cd39ee5e6a') in 0.006235 seconds 
========================================================================
Received Import Request.
  Time since last request: 1.052375 seconds.
  path: Assets/Scrip/nuevo/PlayerScripts/PowerUps.cs
  artifactKey: Guid(71c2531d098cfb2429e377c94f37edae) Importer(815301076,1909f56bfc062723c751e8b465ee728b)
Start importing Assets/Scrip/nuevo/PlayerScripts/PowerUps.cs using Guid(71c2531d098cfb2429e377c94f37edae) Importer(815301076,1909f56bfc062723c751e8b465ee728b)  -> (artifact id: 'c29e6c1809ba8b904084cca1790d85ce') in 0.005698 seconds 
========================================================================
Received Prepare
Registering precompiled user dll's ...
Registered in 0.000506 seconds.
Begin MonoManager ReloadAssembly
Native extension for WindowsStandalone target not found
Refreshing native plugins compatible for Editor in 0.24 ms, found 0 plugins.
Preloading 0 native plugins for Editor in 0.00 ms.
Mono: successfully reloaded assembly
- Completed reload, in  0.600 seconds
Platform modules already initialized, skipping
Refreshing native plugins compatible for Editor in 0.25 ms, found 0 plugins.
Preloading 0 native plugins for Editor in 0.00 ms.
Unloading 1166 Unused Serialized files (Serialized files now loaded: 0)
System memory in use before: 70.5 MB.
System memory in use after: 70.2 MB.

Unloading 6 unused Assets to reduce memory usage. Loaded Objects now: 1820.
Total: 1.811500 ms (FindLiveObjects: 0.132700 ms CreateObjectMapping: 0.026300 ms MarkObjects: 1.468300 ms  DeleteObjects: 0.183400 ms)

========================================================================
Received Prepare
Registering precompiled user dll's ...
Registered in 0.000623 seconds.
Begin MonoManager ReloadAssembly
Native extension for WindowsStandalone target not found
Refreshing native plugins compatible for Editor in 0.25 ms, found 0 plugins.
Preloading 0 native plugins for Editor in 0.00 ms.
Mono: successfully reloaded assembly
- Completed reload, in  0.608 seconds
Platform modules already initialized, skipping
Refreshing native plugins compatible for Editor in 0.26 ms, found 0 plugins.
Preloading 0 native plugins for Editor in 0.00 ms.
Unloading 1166 Unused Serialized files (Serialized files now loaded: 0)
System memory in use before: 70.5 MB.
System memory in use after: 70.3 MB.

Unloading 6 unused Assets to reduce memory usage. Loaded Objects now: 1823.
Total: 1.880300 ms (FindLiveObjects: 0.141300 ms CreateObjectMapping: 0.026300 ms MarkObjects: 1.524200 ms  DeleteObjects: 0.187200 ms)

========================================================================
Received Prepare
Registering precompiled user dll's ...
Registered in 0.000681 seconds.
Begin MonoManager ReloadAssembly
Native extension for WindowsStandalone target not found
Refreshing native plugins compatible for Editor in 0.26 ms, found 0 plugins.
Preloading 0 native plugins for Editor in 0.00 ms.
Mono: successfully reloaded assembly
- Completed reload, in  0.645 seconds
Platform modules already initialized, skipping
Refreshing native plugins compatible for Editor in 0.26 ms, found 0 plugins.
Preloading 0 native plugins for Editor in 0.00 ms.
Unloading 1166 Unused Serialized files (Serialized files now loaded: 0)
System memory in use before: 70.5 MB.
System memory in use after: 70.3 MB.

Unloading 6 unused Assets to reduce memory usage. Loaded Objects now: 1826.
Total: 1.802700 ms (FindLiveObjects: 0.143300 ms CreateObjectMapping: 0.027200 ms MarkObjects: 1.437000 ms  DeleteObjects: 0.194100 ms)

========================================================================
Received Prepare
Registering precompiled user dll's ...
Registered in 0.000544 seconds.
Begin MonoManager ReloadAssembly
Native extension for WindowsStandalone target not found
Refreshing native plugins compatible for Editor in 0.25 ms, found 0 plugins.
Preloading 0 native plugins for Editor in 0.00 ms.
Mono: successfully reloaded assembly
- Completed reload, in  0.625 seconds
Platform modules already initialized, skipping
Refreshing native plugins compatible for Editor in 0.34 ms, found 0 plugins.
Preloading 0 native plugins for Editor in 0.00 ms.
Unloading 1166 Unused Serialized files (Serialized files now loaded: 0)
System memory in use before: 70.5 MB.
System memory in use after: 70.3 MB.

Unloading 6 unused Assets to reduce memory usage. Loaded Objects now: 1829.
Total: 1.756100 ms (FindLiveObjects: 0.136100 ms CreateObjectMapping: 0.027700 ms MarkObjects: 1.400200 ms  DeleteObjects: 0.191300 ms)

========================================================================
Received Prepare
Registering precompiled user dll's ...
Registered in 0.000639 seconds.
Begin MonoManager ReloadAssembly
Native extension for WindowsStandalone target not found
Refreshing native plugins compatible for Editor in 0.27 ms, found 0 plugins.
Preloading 0 native plugins for Editor in 0.00 ms.
Mono: successfully reloaded assembly
- Completed reload, in  0.667 seconds
Platform modules already initialized, skipping
Refreshing native plugins compatible for Editor in 0.32 ms, found 0 plugins.
Preloading 0 native plugins for Editor in 0.00 ms.
Unloading 1166 Unused Serialized files (Serialized files now loaded: 0)
System memory in use before: 70.6 MB.
System memory in use after: 70.3 MB.

Unloading 6 unused Assets to reduce memory usage. Loaded Objects now: 1832.
Total: 2.065100 ms (FindLiveObjects: 0.158500 ms CreateObjectMapping: 0.027800 ms MarkObjects: 1.673800 ms  DeleteObjects: 0.203600 ms)

========================================================================
Received Prepare
Registering precompiled user dll's ...
Registered in 0.000575 seconds.
Begin MonoManager ReloadAssembly
Native extension for WindowsStandalone target not found
Refreshing native plugins compatible for Editor in 0.25 ms, found 0 plugins.
Preloading 0 native plugins for Editor in 0.00 ms.
Mono: successfully reloaded assembly
- Completed reload, in  0.645 seconds
Platform modules already initialized, skipping
Refreshing native plugins compatible for Editor in 0.26 ms, found 0 plugins.
Preloading 0 native plugins for Editor in 0.00 ms.
Unloading 1166 Unused Serialized files (Serialized files now loaded: 0)
System memory in use before: 70.5 MB.
System memory in use after: 70.3 MB.

Unloading 6 unused Assets to reduce memory usage. Loaded Objects now: 1835.
Total: 2.219600 ms (FindLiveObjects: 0.144800 ms CreateObjectMapping: 0.028400 ms MarkObjects: 1.821600 ms  DeleteObjects: 0.223700 ms)

========================================================================
Received Prepare
Registering precompiled user dll's ...
Registered in 0.000514 seconds.
Begin MonoManager ReloadAssembly
Native extension for WindowsStandalone target not found
Refreshing native plugins compatible for Editor in 0.24 ms, found 0 plugins.
Preloading 0 native plugins for Editor in 0.00 ms.
Mono: successfully reloaded assembly
- Completed reload, in  0.615 seconds
Platform modules already initialized, skipping
Refreshing native plugins compatible for Editor in 0.26 ms, found 0 plugins.
Preloading 0 native plugins for Editor in 0.00 ms.
Unloading 1166 Unused Serialized files (Serialized files now loaded: 0)
System memory in use before: 70.6 MB.
System memory in use after: 70.3 MB.

Unloading 6 unused Assets to reduce memory usage. Loaded Objects now: 1838.
Total: 1.899800 ms (FindLiveObjects: 0.150000 ms CreateObjectMapping: 0.027300 ms MarkObjects: 1.526500 ms  DeleteObjects: 0.194900 ms)

========================================================================
Received Prepare
Registering precompiled user dll's ...
Registered in 0.000774 seconds.
Begin MonoManager ReloadAssembly
Native extension for WindowsStandalone target not found
Refreshing native plugins compatible for Editor in 0.27 ms, found 0 plugins.
Preloading 0 native plugins for Editor in 0.00 ms.
Mono: successfully reloaded assembly
- Completed reload, in  0.664 seconds
Platform modules already initialized, skipping
Refreshing native plugins compatible for Editor in 0.26 ms, found 0 plugins.
Preloading 0 native plugins for Editor in 0.00 ms.
Unloading 1166 Unused Serialized files (Serialized files now loaded: 0)
System memory in use before: 70.5 MB.
System memory in use after: 70.3 MB.

Unloading 6 unused Assets to reduce memory usage. Loaded Objects now: 1841.
Total: 1.901100 ms (FindLiveObjects: 0.181100 ms CreateObjectMapping: 0.027700 ms MarkObjects: 1.506200 ms  DeleteObjects: 0.185400 ms)

========================================================================
Received Prepare
Registering precompiled user dll's ...
Registered in 0.000530 seconds.
Begin MonoManager ReloadAssembly
Native extension for WindowsStandalone target not found
Refreshing native plugins compatible for Editor in 0.30 ms, found 0 plugins.
Preloading 0 native plugins for Editor in 0.00 ms.
Mono: successfully reloaded assembly
- Completed reload, in  0.636 seconds
Platform modules already initialized, skipping
Refreshing native plugins compatible for Editor in 0.26 ms, found 0 plugins.
Preloading 0 native plugins for Editor in 0.00 ms.
Unloading 1166 Unused Serialized files (Serialized files now loaded: 0)
System memory in use before: 70.6 MB.
System memory in use after: 70.3 MB.

Unloading 6 unused Assets to reduce memory usage. Loaded Objects now: 1844.
Total: 1.781000 ms (FindLiveObjects: 0.154400 ms CreateObjectMapping: 0.027500 ms MarkObjects: 1.405200 ms  DeleteObjects: 0.193300 ms)

