Using pre-set license
Built from '2021.1/staging' branch; Version is '2021.1.5f1 (3737af19df53) revision 3618735'; Using compiler version '192528614'; Build Type 'Release'
OS: 'Windows 10 Pro; OS build 19043.1288; Version 2009; 64bit' Language: 'en' Physical Memory: 16366 MB
BatchMode: 1, IsHumanControllingUs: 0, StartBugReporterOnCrash: 0, Is64bit: 1, IsPro: 0

 COMMAND LINE ARGUMENTS:
C:\Program Files\Unity\Hub\Editor\2021.1.5f1\Editor\Unity.exe
-adb2
-batchMode
-noUpm
-name
AssetImportWorker0
-projectPath
E:/Github/Aquatic-Prix
-logFile
Logs/AssetImportWorker0.log
-srvPort
52271
Successfully changed project path to: E:/Github/Aquatic-Prix
E:/Github/Aquatic-Prix
Using Asset Import Pipeline V2.
Refreshing native plugins compatible for Editor in 100.00 ms, found 1 plugins.
Preloading 0 native plugins for Editor in 0.00 ms.
Initialize engine version: 2021.1.5f1 (3737af19df53)
[Subsystems] Discovering subsystems at path C:/Program Files/Unity/Hub/Editor/2021.1.5f1/Editor/Data/Resources/UnitySubsystems
[Subsystems] Discovering subsystems at path E:/Github/Aquatic-Prix/Assets
GfxDevice: creating device client; threaded=0; jobified=0
Direct3D:
    Version:  Direct3D 11.0 [level 11.1]
    Renderer: AMD Radeon R7 250 Series (ID=0x682b)
    Vendor:   ATI
    VRAM:     2027 MB
    Driver:   27.20.20903.8001
Initialize mono
Mono path[0] = 'C:/Program Files/Unity/Hub/Editor/2021.1.5f1/Editor/Data/Managed'
Mono path[1] = 'C:/Program Files/Unity/Hub/Editor/2021.1.5f1/Editor/Data/MonoBleedingEdge/lib/mono/unityjit'
Mono config path = 'C:/Program Files/Unity/Hub/Editor/2021.1.5f1/Editor/Data/MonoBleedingEdge/etc'
Using monoOptions --debugger-agent=transport=dt_socket,embedding=1,server=y,suspend=n,address=127.0.0.1:56428
Begin MonoManager ReloadAssembly
Registering precompiled unity dll's ...
Register platform support module: C:/Program Files/Unity/Hub/Editor/2021.1.5f1/Editor/Data/PlaybackEngines/WebGLSupport/UnityEditor.WebGL.Extensions.dll
Register platform support module: C:/Program Files/Unity/Hub/Editor/2021.1.5f1/Editor/Data/PlaybackEngines/WindowsStandaloneSupport/UnityEditor.WindowsStandalone.Extensions.dll
Registered in 0.007437 seconds.
Native extension for WindowsStandalone target not found
Native extension for WebGL target not found
Refreshing native plugins compatible for Editor in 108.56 ms, found 1 plugins.
Preloading 0 native plugins for Editor in 0.00 ms.
Mono: successfully reloaded assembly
- Completed reload, in  5.098 seconds
Platform modules already initialized, skipping
Registering precompiled user dll's ...
Registered in 0.006019 seconds.
Begin MonoManager ReloadAssembly
Native extension for WindowsStandalone target not found
Native extension for WebGL target not found
Refreshing native plugins compatible for Editor in 0.60 ms, found 1 plugins.
Preloading 0 native plugins for Editor in 0.00 ms.
Mono: successfully reloaded assembly
- Completed reload, in  4.310 seconds
Platform modules already initialized, skipping
========================================================================
Worker process is ready to serve import requests
Launched and connected shader compiler UnityShaderCompiler.exe after 0.17 seconds
Refreshing native plugins compatible for Editor in 1.50 ms, found 1 plugins.
Preloading 0 native plugins for Editor in 0.00 ms.
Unloading 1416 Unused Serialized files (Serialized files now loaded: 0)
System memory in use before: 75.4 MB.
System memory in use after: 75.2 MB.

Unloading 14 unused Assets to reduce memory usage. Loaded Objects now: 1884.
Total: 3.956200 ms (FindLiveObjects: 0.290900 ms CreateObjectMapping: 0.121900 ms MarkObjects: 2.951700 ms  DeleteObjects: 0.588600 ms)

========================================================================
Received Import Request.
  path: Assets/Art/_Prefabs/PlayerPrefabs (Ships)
  artifactKey: Guid(dcac6134c7b142547b322083d609d22e) Importer(815301076,1909f56bfc062723c751e8b465ee728b)
Start importing Assets/Art/_Prefabs/PlayerPrefabs (Ships) using Guid(dcac6134c7b142547b322083d609d22e) Importer(815301076,1909f56bfc062723c751e8b465ee728b)  -> (artifact id: '15a9113dad8701130f56a3d1a4497ecd') in 0.032795 seconds 
========================================================================
Received Import Request.
  Time since last request: 0.001593 seconds.
  path: Assets/Art/_FBX/Modelos 3d/Barco1Roto.fbx
  artifactKey: Guid(98d21de12eeac0b4f92d2b5b007cc01d) Importer(815301076,1909f56bfc062723c751e8b465ee728b)
Start importing Assets/Art/_FBX/Modelos 3d/Barco1Roto.fbx using Guid(98d21de12eeac0b4f92d2b5b007cc01d) Importer(815301076,1909f56bfc062723c751e8b465ee728b)  -> (artifact id: '03038c7339a8a8f961bf0cb710728269') in 1.275640 seconds 
========================================================================
Received Import Request.
  Time since last request: 0.003817 seconds.
  path: Assets/Art/_FBX/Modelos 3d/Barco3Roto.fbx
  artifactKey: Guid(8b6244dea91dc3a45b22f8a9049b9273) Importer(815301076,1909f56bfc062723c751e8b465ee728b)
Start importing Assets/Art/_FBX/Modelos 3d/Barco3Roto.fbx using Guid(8b6244dea91dc3a45b22f8a9049b9273) Importer(815301076,1909f56bfc062723c751e8b465ee728b)  -> (artifact id: '1d1eaf2979ab3bee8fbc16937b686513') in 6.871392 seconds 
========================================================================
Received Import Request.
  Time since last request: 0.000447 seconds.
  path: Assets/Art/_Prefabs
  artifactKey: Guid(9229d69c5aa25cd44902553d82f68ce3) Importer(815301076,1909f56bfc062723c751e8b465ee728b)
Start importing Assets/Art/_Prefabs using Guid(9229d69c5aa25cd44902553d82f68ce3) Importer(815301076,1909f56bfc062723c751e8b465ee728b)  -> (artifact id: 'a600dfe45c12e874e893eeba312d1c5d') in 0.030934 seconds 
========================================================================
Received Import Request.
  Time since last request: 0.001553 seconds.
  path: Assets/Art/_FBX/Modelos 3d/Barco4Roto.fbx
  artifactKey: Guid(33733a027f2211441ac4738211d79cb9) Importer(815301076,1909f56bfc062723c751e8b465ee728b)
Start importing Assets/Art/_FBX/Modelos 3d/Barco4Roto.fbx using Guid(33733a027f2211441ac4738211d79cb9) Importer(815301076,1909f56bfc062723c751e8b465ee728b)  -> (artifact id: 'f61771b16300dbbeb6b213117951bf90') in 9.828409 seconds 
========================================================================
Received Import Request.
  Time since last request: 0.000686 seconds.
  path: Assets/Art/_FBX
  artifactKey: Guid(d2334e529f293e7419cc11d160ef8ad0) Importer(815301076,1909f56bfc062723c751e8b465ee728b)
Start importing Assets/Art/_FBX using Guid(d2334e529f293e7419cc11d160ef8ad0) Importer(815301076,1909f56bfc062723c751e8b465ee728b)  -> (artifact id: '2f9dfd372ebd9584f3adc5822ca6155e') in 0.031487 seconds 
========================================================================
Received Import Request.
  Time since last request: 0.000376 seconds.
  path: Assets/Art/_FBX/PowerUpFBX
  artifactKey: Guid(94fb26b8a70e4034480a0cc0e3fd2e73) Importer(815301076,1909f56bfc062723c751e8b465ee728b)
Start importing Assets/Art/_FBX/PowerUpFBX using Guid(94fb26b8a70e4034480a0cc0e3fd2e73) Importer(815301076,1909f56bfc062723c751e8b465ee728b)  -> (artifact id: '00fdb00676d2379d24d19cecc4f17a50') in 0.029142 seconds 
========================================================================
Received Import Request.
  Time since last request: 0.000555 seconds.
  path: Assets/Art/_FBX/Modelos 3d/Barco5Roto.fbx
  artifactKey: Guid(cd502b825d4b9fc4d8c3d6973abe3ed5) Importer(815301076,1909f56bfc062723c751e8b465ee728b)
Start importing Assets/Art/_FBX/Modelos 3d/Barco5Roto.fbx using Guid(cd502b825d4b9fc4d8c3d6973abe3ed5) Importer(815301076,1909f56bfc062723c751e8b465ee728b)  -> (artifact id: '2e17a4dba5173da7b9ab92036a2f87da') in 21.688942 seconds 
========================================================================
Received Import Request.
  Time since last request: 0.000379 seconds.
  path: Assets/Art/_Prefabs/Prefabs
  artifactKey: Guid(7d3d9133fce39c54b96f39c9be0a913f) Importer(815301076,1909f56bfc062723c751e8b465ee728b)
Start importing Assets/Art/_Prefabs/Prefabs using Guid(7d3d9133fce39c54b96f39c9be0a913f) Importer(815301076,1909f56bfc062723c751e8b465ee728b)  -> (artifact id: '9b66ad9ca95f3997a1aeab05ff30d398') in 0.016311 seconds 
========================================================================
Received Import Request.
  Time since last request: 0.001767 seconds.
  path: Assets/Art/_Prefabs/Prefabs/Barco5.prefab
  artifactKey: Guid(5dcb4d730ac7bf742bc2c333ad299932) Importer(815301076,1909f56bfc062723c751e8b465ee728b)
Start importing Assets/Art/_Prefabs/Prefabs/Barco5.prefab using Guid(5dcb4d730ac7bf742bc2c333ad299932) Importer(815301076,1909f56bfc062723c751e8b465ee728b)  -> (artifact id: '122ef7b6d71e5c4525711e4c8f75f497') in 0.618920 seconds 
========================================================================
Received Import Request.
  Time since last request: 0.000477 seconds.
  path: Assets/Art/_Prefabs/Prefabs/Barco1.prefab
  artifactKey: Guid(a864ba4c21bfaf347aaac3c5d8731e54) Importer(815301076,1909f56bfc062723c751e8b465ee728b)
Start importing Assets/Art/_Prefabs/Prefabs/Barco1.prefab using Guid(a864ba4c21bfaf347aaac3c5d8731e54) Importer(815301076,1909f56bfc062723c751e8b465ee728b)  -> (artifact id: '12ba963cf462b873aa822528d7c2c40b') in 0.096570 seconds 
========================================================================
Received Import Request.
  Time since last request: 0.014254 seconds.
  path: Assets/Art/_Prefabs/Prefabs/Disparo.prefab
  artifactKey: Guid(48a0dcdecbc496548a4cd09bc2be3b68) Importer(815301076,1909f56bfc062723c751e8b465ee728b)
Start importing Assets/Art/_Prefabs/Prefabs/Disparo.prefab using Guid(48a0dcdecbc496548a4cd09bc2be3b68) Importer(815301076,1909f56bfc062723c751e8b465ee728b)  -> (artifact id: 'e2325974f82d3377260159da70e4e90c') in 0.038993 seconds 
========================================================================
Received Import Request.
  Time since last request: 0.000544 seconds.
  path: Assets/Art/_Prefabs/Prefabs/RocaRota.prefab
  artifactKey: Guid(f5a6d62dddfca8a45a83cd997c3f4c44) Importer(815301076,1909f56bfc062723c751e8b465ee728b)
Start importing Assets/Art/_Prefabs/Prefabs/RocaRota.prefab using Guid(f5a6d62dddfca8a45a83cd997c3f4c44) Importer(815301076,1909f56bfc062723c751e8b465ee728b)  -> (artifact id: 'f22c61f8c229b3eaf1729e53bcdb50ab') in 0.046738 seconds 
========================================================================
Received Import Request.
  Time since last request: 0.005547 seconds.
  path: Assets/Art/_Prefabs/Prefabs/Barco3.prefab
  artifactKey: Guid(18884786cc8725f41b9cb4a00c844a7d) Importer(815301076,1909f56bfc062723c751e8b465ee728b)
Start importing Assets/Art/_Prefabs/Prefabs/Barco3.prefab using Guid(18884786cc8725f41b9cb4a00c844a7d) Importer(815301076,1909f56bfc062723c751e8b465ee728b)  -> (artifact id: '9860d777ba8e17ea655f2baf8f9ed6e7') in 0.233153 seconds 
========================================================================
Received Import Request.
  Time since last request: 0.000504 seconds.
  path: Assets/Art/_Prefabs/Prefabs/BarcoFantasma.prefab
  artifactKey: Guid(4b374d1ee2d546f42825f0a8fc7e5065) Importer(815301076,1909f56bfc062723c751e8b465ee728b)
Start importing Assets/Art/_Prefabs/Prefabs/BarcoFantasma.prefab using Guid(4b374d1ee2d546f42825f0a8fc7e5065) Importer(815301076,1909f56bfc062723c751e8b465ee728b)  -> (artifact id: '326da9ccf35dfc2e87aca5df4d402e06') in 0.112227 seconds 
========================================================================
Received Import Request.
  Time since last request: 0.000314 seconds.
  path: Assets/Art/_Prefabs/Prefabs/Barco4.prefab
  artifactKey: Guid(35b8b57d4c955f14c809d0a6ef986bce) Importer(815301076,1909f56bfc062723c751e8b465ee728b)
Start importing Assets/Art/_Prefabs/Prefabs/Barco4.prefab using Guid(35b8b57d4c955f14c809d0a6ef986bce) Importer(815301076,1909f56bfc062723c751e8b465ee728b)  -> (artifact id: 'b99c5eea9af5bfbf8f5f3c6465369bd0') in 0.316517 seconds 
========================================================================
Received Prepare
Registering precompiled user dll's ...
Registered in 0.002457 seconds.
Begin MonoManager ReloadAssembly
Native extension for WindowsStandalone target not found
Native extension for WebGL target not found
Refreshing native plugins compatible for Editor in 0.60 ms, found 1 plugins.
Preloading 0 native plugins for Editor in 0.00 ms.
Mono: successfully reloaded assembly
- Completed reload, in  3.589 seconds
Platform modules already initialized, skipping
Refreshing native plugins compatible for Editor in 0.85 ms, found 1 plugins.
Preloading 0 native plugins for Editor in 0.00 ms.
Unloading 1399 Unused Serialized files (Serialized files now loaded: 0)
System memory in use before: 83.7 MB.
System memory in use after: 83.5 MB.

Unloading 11 unused Assets to reduce memory usage. Loaded Objects now: 1931.
Total: 5.126600 ms (FindLiveObjects: 0.291500 ms CreateObjectMapping: 0.126200 ms MarkObjects: 4.054600 ms  DeleteObjects: 0.651700 ms)

========================================================================
Received Import Request.
  Time since last request: 21.951519 seconds.
  path: Assets/Art/_Prefabs/Prefabs/Barco1.prefab
  artifactKey: Guid(a864ba4c21bfaf347aaac3c5d8731e54) Importer(815301076,1909f56bfc062723c751e8b465ee728b)
Start importing Assets/Art/_Prefabs/Prefabs/Barco1.prefab using Guid(a864ba4c21bfaf347aaac3c5d8731e54) Importer(815301076,1909f56bfc062723c751e8b465ee728b)  -> (artifact id: 'a3aec9666cf65eb72de464cda20462ea') in 0.300999 seconds 
========================================================================
Received Import Request.
  Time since last request: 75.990123 seconds.
  path: Assets/_Scenes/Menu
  artifactKey: Guid(71ad7e38dd7408d45b86e565a669900c) Importer(815301076,1909f56bfc062723c751e8b465ee728b)
Start importing Assets/_Scenes/Menu using Guid(71ad7e38dd7408d45b86e565a669900c) Importer(815301076,1909f56bfc062723c751e8b465ee728b)  -> (artifact id: '38a4abf9bbbbacd7c8d6cd77d4a82c1f') in 0.041681 seconds 
========================================================================
Received Import Request.
  Time since last request: 1.662439 seconds.
  path: Assets/_Scenes/Scenes
  artifactKey: Guid(75fbfcf7aac5dcb47800082d6c5c59c7) Importer(815301076,1909f56bfc062723c751e8b465ee728b)
Start importing Assets/_Scenes/Scenes using Guid(75fbfcf7aac5dcb47800082d6c5c59c7) Importer(815301076,1909f56bfc062723c751e8b465ee728b)  -> (artifact id: '351379c20000b466be30acb4cdb5bfa7') in 0.025943 seconds 
========================================================================
Received Import Request.
  Time since last request: 3.109811 seconds.
  path: Assets/_Scenes/Menu/Character Selection Menu And Scene/Character Selection Menu.unity
  artifactKey: Guid(d88da844d07162f428e89ef6f1c78bdd) Importer(815301076,1909f56bfc062723c751e8b465ee728b)
Start importing Assets/_Scenes/Menu/Character Selection Menu And Scene/Character Selection Menu.unity using Guid(d88da844d07162f428e89ef6f1c78bdd) Importer(815301076,1909f56bfc062723c751e8b465ee728b)  -> (artifact id: 'd0a0512b77c5a3126c23a72c5564bd45') in 0.011049 seconds 
========================================================================
Received Prepare
Registering precompiled user dll's ...
Registered in 0.002036 seconds.
Begin MonoManager ReloadAssembly
Native extension for WindowsStandalone target not found
Native extension for WebGL target not found
Refreshing native plugins compatible for Editor in 2.01 ms, found 1 plugins.
Preloading 0 native plugins for Editor in 0.00 ms.
Mono: successfully reloaded assembly
- Completed reload, in  3.330 seconds
Platform modules already initialized, skipping
Refreshing native plugins compatible for Editor in 0.67 ms, found 1 plugins.
Preloading 0 native plugins for Editor in 0.00 ms.
Unloading 1399 Unused Serialized files (Serialized files now loaded: 0)
System memory in use before: 83.8 MB.
System memory in use after: 83.6 MB.

Unloading 10 unused Assets to reduce memory usage. Loaded Objects now: 1935.
Total: 4.281000 ms (FindLiveObjects: 0.292600 ms CreateObjectMapping: 0.103600 ms MarkObjects: 3.457900 ms  DeleteObjects: 0.424100 ms)

========================================================================
Received Import Request.
  Time since last request: 129.402186 seconds.
  path: Assets/Art/_Prefabs/Prefabs/Barco3.prefab
  artifactKey: Guid(18884786cc8725f41b9cb4a00c844a7d) Importer(815301076,1909f56bfc062723c751e8b465ee728b)
Start importing Assets/Art/_Prefabs/Prefabs/Barco3.prefab using Guid(18884786cc8725f41b9cb4a00c844a7d) Importer(815301076,1909f56bfc062723c751e8b465ee728b)  -> (artifact id: 'a7807ce36514d1c6d4a6ea3fd158aeaa') in 0.402998 seconds 
========================================================================
Received Prepare
Registering precompiled user dll's ...
Registered in 0.001605 seconds.
Begin MonoManager ReloadAssembly
Native extension for WindowsStandalone target not found
Native extension for WebGL target not found
Refreshing native plugins compatible for Editor in 0.57 ms, found 1 plugins.
Preloading 0 native plugins for Editor in 0.00 ms.
Mono: successfully reloaded assembly
- Completed reload, in  3.336 seconds
Platform modules already initialized, skipping
Refreshing native plugins compatible for Editor in 0.62 ms, found 1 plugins.
Preloading 0 native plugins for Editor in 0.00 ms.
Unloading 1399 Unused Serialized files (Serialized files now loaded: 0)
System memory in use before: 83.8 MB.
System memory in use after: 83.6 MB.

Unloading 10 unused Assets to reduce memory usage. Loaded Objects now: 1939.
Total: 8.948900 ms (FindLiveObjects: 0.374900 ms CreateObjectMapping: 0.489000 ms MarkObjects: 7.503500 ms  DeleteObjects: 0.578700 ms)

========================================================================
Received Prepare
Registering precompiled user dll's ...
Registered in 0.013912 seconds.
Begin MonoManager ReloadAssembly
Native extension for WindowsStandalone target not found
Native extension for WebGL target not found
Refreshing native plugins compatible for Editor in 0.63 ms, found 1 plugins.
Preloading 0 native plugins for Editor in 0.00 ms.
Mono: successfully reloaded assembly
- Completed reload, in  4.318 seconds
Platform modules already initialized, skipping
Refreshing native plugins compatible for Editor in 0.81 ms, found 1 plugins.
Preloading 0 native plugins for Editor in 0.00 ms.
Unloading 1399 Unused Serialized files (Serialized files now loaded: 0)
System memory in use before: 83.8 MB.
System memory in use after: 83.6 MB.

Unloading 9 unused Assets to reduce memory usage. Loaded Objects now: 1942.
Total: 7.538000 ms (FindLiveObjects: 0.404800 ms CreateObjectMapping: 0.433700 ms MarkObjects: 5.627400 ms  DeleteObjects: 1.069400 ms)

AssetImportWorkerClient::OnTransportError - code=2 error=End of file
